<?xml version="1.0" encoding="utf-8"?>
<TestRun id="4735ae31-a418-455e-8cca-243e1bb32cd8" name="James@DESKTOP-6SFQ3NK 2026-03-07 20:13:30" runUser="DESKTOP-6SFQ3NK\James" xmlns="http://microsoft.com/schemas/VisualStudio/TeamTest/2010">
  <Times creation="2026-03-07T20:13:30.7542558-08:00" queuing="2026-03-07T20:13:30.7542560-08:00" start="2026-03-07T20:13:27.2725547-08:00" finish="2026-03-07T20:13:32.8686456-08:00" />
  <TestSettings name="default" id="27da9b41-6012-402f-aacd-31f8cd871353">
    <Deployment runDeploymentRoot="James_DESKTOP-6SFQ3NK_2026-03-07_20_13_30" />
  </TestSettings>
  <Results>
    <UnitTestResult executionId="f5431e72-0420-49fd-88fd-3f0836ac9d1d" testId="e8ea431b-4563-f4fa-c134-9d0eb0cc5fff" testName="ProcessManager.Tests.WorkflowTests.Validate_UnreachableNode_ReturnsWarning" computerName="DESKTOP-6SFQ3NK" duration="00:00:00.0565273" startTime="2026-03-07T20:13:32.7058327-08:00" endTime="2026-03-07T20:13:32.7058328-08:00" testType="13cdc9d9-ddb5-4fa4-a97d-d965ccfc6d4b" outcome="Passed" testListId="8c84fa94-04c1-424b-9868-57a2d4851a1d" relativeResultsDirectory="f5431e72-0420-49fd-88fd-3f0836ac9d1d" />
    <UnitTestResult executionId="b0559074-cace-43d3-b769-3a141b25cfe3" testId="cf9bea6c-1d49-7feb-e97d-e47a14377605" testName="ProcessManager.Tests.WorkflowTests.AddProcess_DuplicateProcesses_IndependentConfiguration" computerName="DESKTOP-6SFQ3NK" duration="00:00:00.0395377" startTime="2026-03-07T20:13:32.2939281-08:00" endTime="2026-03-07T20:13:32.2939282-08:00" testType="13cdc9d9-ddb5-4fa4-a97d-d965ccfc6d4b" outcome="Passed" testListId="8c84fa94-04c1-424b-9868-57a2d4851a1d" relativeResultsDirectory="b0559074-cace-43d3-b769-3a141b25cfe3" />
    <UnitTestResult executionId="6db0d384-7749-4d63-8594-971a25f708cd" testId="9d92670e-5761-5561-ec24-3f00044e11c8" testName="ProcessManager.Tests.WorkflowTests.AddCondition_DuplicateGrade_ReturnsConflict" computerName="DESKTOP-6SFQ3NK" duration="00:00:00.0617452" startTime="2026-03-07T20:13:31.8626977-08:00" endTime="2026-03-07T20:13:31.8626978-08:00" testType="13cdc9d9-ddb5-4fa4-a97d-d965ccfc6d4b" outcome="Passed" testListId="8c84fa94-04c1-424b-9868-57a2d4851a1d" relativeResultsDirectory="6db0d384-7749-4d63-8594-971a25f708cd" />
    <UnitTestResult executionId="5cabe4a4-aa51-44f3-b582-51e53e33e1c3" testId="88958a22-21e5-0bf9-ff3e-fb387101f8e6" testName="ProcessManager.Tests.WorkflowTests.AddProcess_DuplicateProcesses_CanBeLinkSeparately" computerName="DESKTOP-6SFQ3NK" duration="00:00:00.0355812" startTime="2026-03-07T20:13:32.0727119-08:00" endTime="2026-03-07T20:13:32.0727121-08:00" testType="13cdc9d9-ddb5-4fa4-a97d-d965ccfc6d4b" outcome="Passed" testListId="8c84fa94-04c1-424b-9868-57a2d4851a1d" relativeResultsDirectory="5cabe4a4-aa51-44f3-b582-51e53e33e1c3" />
    <UnitTestResult executionId="0c180ae3-b1ef-4c7c-8a86-37cd58f63a98" testId="7d8d68d4-8224-7186-92bb-729f33be52f5" testName="ProcessManager.Tests.WorkflowTests.RemoveProcess_WithLinks_ReturnsConflict" computerName="DESKTOP-6SFQ3NK" duration="00:00:00.0666378" startTime="2026-03-07T20:13:32.0331591-08:00" endTime="2026-03-07T20:13:32.0331592-08:00" testType="13cdc9d9-ddb5-4fa4-a97d-d965ccfc6d4b" outcome="Passed" testListId="8c84fa94-04c1-424b-9868-57a2d4851a1d" relativeResultsDirectory="0c180ae3-b1ef-4c7c-8a86-37cd58f63a98" />
    <UnitTestResult executionId="cf96f770-052f-4a0f-9473-53707e60147d" testId="5c388c76-1c57-a186-a353-9e1808c83fbd" testName="ProcessManager.Tests.WorkflowTests.Update_Workflow_IncrementsVersion" computerName="DESKTOP-6SFQ3NK" duration="00:00:00.0040418" startTime="2026-03-07T20:13:32.5797727-08:00" endTime="2026-03-07T20:13:32.5797728-08:00" testType="13cdc9d9-ddb5-4fa4-a97d-d965ccfc6d4b" outcome="Passed" testListId="8c84fa94-04c1-424b-9868-57a2d4851a1d" relativeResultsDirectory="cf96f770-052f-4a0f-9473-53707e60147d" />
    <UnitTestResult executionId="6c2cd318-1778-4341-a82f-2cf98bf7f8b7" testId="04f77392-cfbe-ae85-2eb2-35ba91996217" testName="ProcessManager.Tests.WorkflowTests.Validate_CompleteWorkflow_IsValid" computerName="DESKTOP-6SFQ3NK" duration="00:00:00.0904759" startTime="2026-03-07T20:13:32.1633438-08:00" endTime="2026-03-07T20:13:32.1633439-08:00" testType="13cdc9d9-ddb5-4fa4-a97d-d965ccfc6d4b" outcome="Passed" testListId="8c84fa94-04c1-424b-9868-57a2d4851a1d" relativeResultsDirectory="6c2cd318-1778-4341-a82f-2cf98bf7f8b7" />
    <UnitTestResult executionId="f1d81a4a-51e4-4470-ad61-69f8d877c1ae" testId="1876d1b5-4390-c088-08d4-8bc10f6a1374" testName="ProcessManager.Tests.WorkflowTests.AddProcess_SameProcessTwice_Succeeds" computerName="DESKTOP-6SFQ3NK" duration="00:00:00.0321583" startTime="2026-03-07T20:13:31.3168631-08:00" endTime="2026-03-07T20:13:31.3168632-08:00" testType="13cdc9d9-ddb5-4fa4-a97d-d965ccfc6d4b" outcome="Passed" testListId="8c84fa94-04c1-424b-9868-57a2d4851a1d" relativeResultsDirectory="f1d81a4a-51e4-4470-ad61-69f8d877c1ae" />
    <UnitTestResult executionId="89fa48c4-97dd-48bd-a2ba-0881bee4d5d5" testId="4d4bc07e-a382-e81a-a57d-c7bcc19f95b7" testName="ProcessManager.Tests.WorkflowTests.DeleteLink_Succeeds" computerName="DESKTOP-6SFQ3NK" duration="00:00:00.1518036" startTime="2026-03-07T20:13:31.8008278-08:00" endTime="2026-03-07T20:13:31.8008283-08:00" testType="13cdc9d9-ddb5-4fa4-a97d-d965ccfc6d4b" outcome="Passed" testListId="8c84fa94-04c1-424b-9868-57a2d4851a1d" relativeResultsDirectory="89fa48c4-97dd-48bd-a2ba-0881bee4d5d5" />
    <UnitTestResult executionId="a01c0790-b897-413f-b4d9-a2995a2ac40b" testId="d8f7d038-d10b-8859-d56c-6dcef3c52bce" testName="ProcessManager.Tests.WorkflowTests.CreateLink_GradeBased_WithMultipleConditions_Succeeds" computerName="DESKTOP-6SFQ3NK" duration="00:00:02.7143052" startTime="2026-03-07T20:13:30.6589401-08:00" endTime="2026-03-07T20:13:30.6589605-08:00" testType="13cdc9d9-ddb5-4fa4-a97d-d965ccfc6d4b" outcome="Passed" testListId="8c84fa94-04c1-424b-9868-57a2d4851a1d" relativeResultsDirectory="a01c0790-b897-413f-b4d9-a2995a2ac40b" />
    <UnitTestResult executionId="7c5f0380-9b78-4e17-afcf-bf29401ac34f" testId="35d7ed9b-2bc8-7abe-82bd-937ea3842128" testName="ProcessManager.Tests.WorkflowTests.UpdateLink_ChangesNameAndSortOrder" computerName="DESKTOP-6SFQ3NK" duration="00:00:00.1363184" startTime="2026-03-07T20:13:31.1448615-08:00" endTime="2026-03-07T20:13:31.1448616-08:00" testType="13cdc9d9-ddb5-4fa4-a97d-d965ccfc6d4b" outcome="Passed" testListId="8c84fa94-04c1-424b-9868-57a2d4851a1d" relativeResultsDirectory="7c5f0380-9b78-4e17-afcf-bf29401ac34f" />
    <UnitTestResult executionId="a83a7c47-1050-4ca7-84d2-7320a2ad285c" testId="442a44f5-9322-33b8-4ec0-01afcb8f962b" testName="ProcessManager.Tests.WorkflowTests.RemoveCondition_Succeeds" computerName="DESKTOP-6SFQ3NK" duration="00:00:00.0907912" startTime="2026-03-07T20:13:32.2542727-08:00" endTime="2026-03-07T20:13:32.2542728-08:00" testType="13cdc9d9-ddb5-4fa4-a97d-d965ccfc6d4b" outcome="Passed" testListId="8c84fa94-04c1-424b-9868-57a2d4851a1d" relativeResultsDirectory="a83a7c47-1050-4ca7-84d2-7320a2ad285c" />
    <UnitTestResult executionId="f4d90524-8841-41c6-a506-5f49671a2147" testId="d518f12a-3e47-ce56-464e-7600902e888e" testName="ProcessManager.Tests.WorkflowTests.Validate_ReworkLoop_WorkflowStructure_IsCorrect" computerName="DESKTOP-6SFQ3NK" duration="00:00:00.0601335" startTime="2026-03-07T20:13:32.5646035-08:00" endTime="2026-03-07T20:13:32.5646037-08:00" testType="13cdc9d9-ddb5-4fa4-a97d-d965ccfc6d4b" outcome="Passed" testListId="8c84fa94-04c1-424b-9868-57a2d4851a1d" relativeResultsDirectory="f4d90524-8841-41c6-a506-5f49671a2147" />
    <UnitTestResult executionId="c9238c18-3868-41d2-933d-01e91c27bbe4" testId="90f2c12d-a386-7705-1576-4e7d4c9726b5" testName="ProcessManager.Tests.WorkflowTests.GetAll_WithActiveFilter_ReturnsFiltered" computerName="DESKTOP-6SFQ3NK" duration="00:00:00.0275284" startTime="2026-03-07T20:13:32.7334587-08:00" endTime="2026-03-07T20:13:32.7334595-08:00" testType="13cdc9d9-ddb5-4fa4-a97d-d965ccfc6d4b" outcome="Passed" testListId="8c84fa94-04c1-424b-9868-57a2d4851a1d" relativeResultsDirectory="c9238c18-3868-41d2-933d-01e91c27bbe4" />
    <UnitTestResult executionId="a698abd1-774d-4cc1-9766-80b62eda0417" testId="aeb8db45-d1d9-7c82-d090-664bcf69de4a" testName="ProcessManager.Tests.WorkflowTests.Delete_Workflow_ReturnsNoContent" computerName="DESKTOP-6SFQ3NK" duration="00:00:00.0135478" startTime="2026-03-07T20:13:32.5934486-08:00" endTime="2026-03-07T20:13:32.5934487-08:00" testType="13cdc9d9-ddb5-4fa4-a97d-d965ccfc6d4b" outcome="Passed" testListId="8c84fa94-04c1-424b-9868-57a2d4851a1d" relativeResultsDirectory="a698abd1-774d-4cc1-9766-80b62eda0417" />
    <UnitTestResult executionId="09a0edca-cfd7-46f5-bfd5-e48b659e453a" testId="0aae6574-6fe1-4b82-adea-bd8ee80442f6" testName="ProcessManager.Tests.WorkflowTests.CreateLink_Manual_Succeeds" computerName="DESKTOP-6SFQ3NK" duration="00:00:00.0504343" startTime="2026-03-07T20:13:31.3674166-08:00" endTime="2026-03-07T20:13:31.3674167-08:00" testType="13cdc9d9-ddb5-4fa4-a97d-d965ccfc6d4b" outcome="Passed" testListId="8c84fa94-04c1-424b-9868-57a2d4851a1d" relativeResultsDirectory="09a0edca-cfd7-46f5-bfd5-e48b659e453a" />
    <UnitTestResult executionId="8fbc20fb-e425-4f8c-ac70-064bfca6e670" testId="d129dedb-a94d-6aab-1e97-aeb82867b1bb" testName="ProcessManager.Tests.WorkflowTests.CreateLink_GradeBased_WithoutConditions_ReturnsBadRequest" computerName="DESKTOP-6SFQ3NK" duration="00:00:00.0707197" startTime="2026-03-07T20:13:32.4225604-08:00" endTime="2026-03-07T20:13:32.4225605-08:00" testType="13cdc9d9-ddb5-4fa4-a97d-d965ccfc6d4b" outcome="Passed" testListId="8c84fa94-04c1-424b-9868-57a2d4851a1d" relativeResultsDirectory="8fbc20fb-e425-4f8c-ac70-064bfca6e670" />
    <UnitTestResult executionId="c2195fef-0a96-49b4-a072-9feb9bc624f3" testId="1baab27b-bbc0-fa40-a718-d6f6b218f6d4" testName="ProcessManager.Tests.WorkflowTests.AddTerminalNode_CanBeLinkedTo" computerName="DESKTOP-6SFQ3NK" duration="00:00:00.1842158" startTime="2026-03-07T20:13:30.8441273-08:00" endTime="2026-03-07T20:13:30.8441274-08:00" testType="13cdc9d9-ddb5-4fa4-a97d-d965ccfc6d4b" outcome="Passed" testListId="8c84fa94-04c1-424b-9868-57a2d4851a1d" relativeResultsDirectory="c2195fef-0a96-49b4-a072-9feb9bc624f3" />
    <UnitTestResult executionId="86585938-53ab-4239-a0a7-47191299cc0c" testId="e58fe587-fb8f-21f9-8030-8ad840b48814" testName="ProcessManager.Tests.WorkflowTests.Validate_NoEntryPoint_ReturnsError" computerName="DESKTOP-6SFQ3NK" duration="00:00:00.1606545" startTime="2026-03-07T20:13:31.0083899-08:00" endTime="2026-03-07T20:13:31.0083901-08:00" testType="13cdc9d9-ddb5-4fa4-a97d-d965ccfc6d4b" outcome="Passed" testListId="8c84fa94-04c1-424b-9868-57a2d4851a1d" relativeResultsDirectory="86585938-53ab-4239-a0a7-47191299cc0c" />
    <UnitTestResult executionId="62816c1c-ff55-4150-a5a8-3750213829b8" testId="7e8897a0-4a20-10c5-7122-aadc6d0f4b6d" testName="ProcessManager.Tests.WorkflowTests.AddProcess_SameProcessThreeTimes_AllAppearInWorkflow" computerName="DESKTOP-6SFQ3NK" duration="00:00:00.0384337" startTime="2026-03-07T20:13:31.9663268-08:00" endTime="2026-03-07T20:13:31.9663271-08:00" testType="13cdc9d9-ddb5-4fa4-a97d-d965ccfc6d4b" outcome="Passed" testListId="8c84fa94-04c1-424b-9868-57a2d4851a1d" relativeResultsDirectory="62816c1c-ff55-4150-a5a8-3750213829b8" />
    <UnitTestResult executionId="aecb61af-7691-4c02-9443-075f8c481f55" testId="fb9d6a6f-795f-f4be-51d0-09b7219a0b92" testName="ProcessManager.Tests.WorkflowTests.AddTerminalNode_Succeeds" computerName="DESKTOP-6SFQ3NK" duration="00:00:00.0038940" startTime="2026-03-07T20:13:31.6487280-08:00" endTime="2026-03-07T20:13:31.6487282-08:00" testType="13cdc9d9-ddb5-4fa4-a97d-d965ccfc6d4b" outcome="Passed" testListId="8c84fa94-04c1-424b-9868-57a2d4851a1d" relativeResultsDirectory="aecb61af-7691-4c02-9443-075f8c481f55" />
    <UnitTestResult executionId="d5d6b142-995e-4724-ae4b-9fc8a58cc24f" testId="7e4090ec-f99a-7d6c-af65-f89dbaeed474" testName="ProcessManager.Tests.WorkflowTests.CreateLink_Duplicate_ReturnsConflict" computerName="DESKTOP-6SFQ3NK" duration="00:00:00.0652909" startTime="2026-03-07T20:13:31.4328839-08:00" endTime="2026-03-07T20:13:31.4328840-08:00" testType="13cdc9d9-ddb5-4fa4-a97d-d965ccfc6d4b" outcome="Passed" testListId="8c84fa94-04c1-424b-9868-57a2d4851a1d" relativeResultsDirectory="d5d6b142-995e-4724-ae4b-9fc8a58cc24f" />
    <UnitTestResult executionId="70c05aa5-c2d8-49dd-b8cc-9bc06b41396b" testId="9038614f-c5b1-1746-aa3c-a305de23ec98" testName="ProcessManager.Tests.WorkflowTests.AddCondition_ToGradeBasedLink_Succeeds" computerName="DESKTOP-6SFQ3NK" duration="00:00:00.0755829" startTime="2026-03-07T20:13:31.5654326-08:00" endTime="2026-03-07T20:13:31.5654328-08:00" testType="13cdc9d9-ddb5-4fa4-a97d-d965ccfc6d4b" outcome="Passed" testListId="8c84fa94-04c1-424b-9868-57a2d4851a1d" relativeResultsDirectory="70c05aa5-c2d8-49dd-b8cc-9bc06b41396b" />
    <UnitTestResult executionId="b2f247dc-cb5e-476a-8b67-b8315faed2b7" testId="f95f65ed-bb89-ceff-1c50-075b3e5ab4a3" testName="ProcessManager.Tests.WorkflowTests.Create_Workflow_ReturnsCreated" computerName="DESKTOP-6SFQ3NK" duration="00:00:00.0034204" startTime="2026-03-07T20:13:30.8475838-08:00" endTime="2026-03-07T20:13:30.8475840-08:00" testType="13cdc9d9-ddb5-4fa4-a97d-d965ccfc6d4b" outcome="Passed" testListId="8c84fa94-04c1-424b-9868-57a2d4851a1d" relativeResultsDirectory="b2f247dc-cb5e-476a-8b67-b8315faed2b7" />
    <UnitTestResult executionId="6ff55b82-825b-4229-89b1-860fc5e840dc" testId="a918b26e-9c7d-c085-e156-b344fe5db813" testName="ProcessManager.Tests.WorkflowTests.AddCondition_ToAlwaysLink_ReturnsBadRequest" computerName="DESKTOP-6SFQ3NK" duration="00:00:00.0576075" startTime="2026-03-07T20:13:32.3516997-08:00" endTime="2026-03-07T20:13:32.3516998-08:00" testType="13cdc9d9-ddb5-4fa4-a97d-d965ccfc6d4b" outcome="Passed" testListId="8c84fa94-04c1-424b-9868-57a2d4851a1d" relativeResultsDirectory="6ff55b82-825b-4229-89b1-860fc5e840dc" />
    <UnitTestResult executionId="7b0d26f0-e6c2-4520-9c0c-e7d8b915f373" testId="42eaf15f-4492-41f9-7882-5539d7ce51d5" testName="ProcessManager.Tests.WorkflowTests.Create_DuplicateCode_ReturnsConflict" computerName="DESKTOP-6SFQ3NK" duration="00:00:00.0025652" startTime="2026-03-07T20:13:32.5672942-08:00" endTime="2026-03-07T20:13:32.5672943-08:00" testType="13cdc9d9-ddb5-4fa4-a97d-d965ccfc6d4b" outcome="Passed" testListId="8c84fa94-04c1-424b-9868-57a2d4851a1d" relativeResultsDirectory="7b0d26f0-e6c2-4520-9c0c-e7d8b915f373" />
    <UnitTestResult executionId="2f059477-368b-4c76-b1af-330dc176541c" testId="f906bfb3-4076-9084-110d-a877b2bb32e9" testName="ProcessManager.Tests.WorkflowTests.CreateLink_GradeBased_WithConditions_Succeeds" computerName="DESKTOP-6SFQ3NK" duration="00:00:00.0526473" startTime="2026-03-07T20:13:32.7862951-08:00" endTime="2026-03-07T20:13:32.7862952-08:00" testType="13cdc9d9-ddb5-4fa4-a97d-d965ccfc6d4b" outcome="Passed" testListId="8c84fa94-04c1-424b-9868-57a2d4851a1d" relativeResultsDirectory="2f059477-368b-4c76-b1af-330dc176541c" />
    <UnitTestResult executionId="515d305b-fbc8-49e5-95f4-1aafc3b78579" testId="a7cd9580-9614-3ca9-1f02-7ee8be9eab54" testName="ProcessManager.Tests.WorkflowTests.GetById_ReturnsWorkflowWithProcessesAndLinks" computerName="DESKTOP-6SFQ3NK" duration="00:00:00.0555891" startTime="2026-03-07T20:13:32.6491903-08:00" endTime="2026-03-07T20:13:32.6491904-08:00" testType="13cdc9d9-ddb5-4fa4-a97d-d965ccfc6d4b" outcome="Passed" testListId="8c84fa94-04c1-424b-9868-57a2d4851a1d" relativeResultsDirectory="515d305b-fbc8-49e5-95f4-1aafc3b78579" />
    <UnitTestResult executionId="3e540389-d3da-4342-a5e3-c5e2c6833d81" testId="c77cd2f9-476d-0520-8440-88aa61baa7a3" testName="ProcessManager.Tests.WorkflowTests.Update_Workflow_ChangesMetadata" computerName="DESKTOP-6SFQ3NK" duration="00:00:00.0082218" startTime="2026-03-07T20:13:32.5756156-08:00" endTime="2026-03-07T20:13:32.5756157-08:00" testType="13cdc9d9-ddb5-4fa4-a97d-d965ccfc6d4b" outcome="Passed" testListId="8c84fa94-04c1-424b-9868-57a2d4851a1d" relativeResultsDirectory="3e540389-d3da-4342-a5e3-c5e2c6833d81" />
    <UnitTestResult executionId="9f7ebf83-1b89-4776-8367-856d8184d0ed" testId="b86bf36a-7c60-e7ce-bdd4-2e78f4dd3d33" testName="ProcessManager.Tests.WorkflowTests.AddProcess_DuplicateProcesses_CanDeleteOneKeepOthers" computerName="DESKTOP-6SFQ3NK" duration="00:00:00.0510587" startTime="2026-03-07T20:13:32.4737408-08:00" endTime="2026-03-07T20:13:32.4737409-08:00" testType="13cdc9d9-ddb5-4fa4-a97d-d965ccfc6d4b" outcome="Passed" testListId="8c84fa94-04c1-424b-9868-57a2d4851a1d" relativeResultsDirectory="9f7ebf83-1b89-4776-8367-856d8184d0ed" />
    <UnitTestResult executionId="a4ad3ff2-d01b-45f0-b42c-129c63a3ee3e" testId="29566462-f312-c07e-bc66-ce455899d4f6" testName="ProcessManager.Tests.WorkflowTests.CreateLink_Always_Succeeds" computerName="DESKTOP-6SFQ3NK" duration="00:00:00.0527965" startTime="2026-03-07T20:13:31.4896886-08:00" endTime="2026-03-07T20:13:31.4896887-08:00" testType="13cdc9d9-ddb5-4fa4-a97d-d965ccfc6d4b" outcome="Passed" testListId="8c84fa94-04c1-424b-9868-57a2d4851a1d" relativeResultsDirectory="a4ad3ff2-d01b-45f0-b42c-129c63a3ee3e" />
    <UnitTestResult executionId="4c2d1f52-f56f-44ee-9202-0e543c7e2dbf" testId="b0bc9062-b6cc-26e3-bebf-c915b31a0231" testName="ProcessManager.Tests.WorkflowTests.AddProcess_InvalidProcess_ReturnsBadRequest" computerName="DESKTOP-6SFQ3NK" duration="00:00:00.0037744" startTime="2026-03-07T20:13:31.4367720-08:00" endTime="2026-03-07T20:13:31.4367722-08:00" testType="13cdc9d9-ddb5-4fa4-a97d-d965ccfc6d4b" outcome="Passed" testListId="8c84fa94-04c1-424b-9868-57a2d4851a1d" relativeResultsDirectory="4c2d1f52-f56f-44ee-9202-0e543c7e2dbf" />
    <UnitTestResult executionId="79d65dee-660c-4348-a5ed-42d15a0fa4f0" testId="9c4fac5f-417f-8e00-9fdb-30a8afea3ab4" testName="ProcessManager.Tests.WorkflowTests.AddTerminalNode_CannotBeEntryPoint" computerName="DESKTOP-6SFQ3NK" duration="00:00:00.0037103" startTime="2026-03-07T20:13:32.0369742-08:00" endTime="2026-03-07T20:13:32.0369743-08:00" testType="13cdc9d9-ddb5-4fa4-a97d-d965ccfc6d4b" outcome="Passed" testListId="8c84fa94-04c1-424b-9868-57a2d4851a1d" relativeResultsDirectory="79d65dee-660c-4348-a5ed-42d15a0fa4f0" />
    <UnitTestResult executionId="d8043aa2-d09c-457e-af8f-51367250ccfe" testId="faa2b502-6cec-8957-b313-b275e0558b93" testName="ProcessManager.Tests.WorkflowTests.AddTerminalNode_AppearsInWorkflowGet" computerName="DESKTOP-6SFQ3NK" duration="00:00:00.1395561" startTime="2026-03-07T20:13:31.2845591-08:00" endTime="2026-03-07T20:13:31.2845592-08:00" testType="13cdc9d9-ddb5-4fa4-a97d-d965ccfc6d4b" outcome="Passed" testListId="8c84fa94-04c1-424b-9868-57a2d4851a1d" relativeResultsDirectory="d8043aa2-d09c-457e-af8f-51367250ccfe" />
    <UnitTestResult executionId="e3f5582c-9cc7-4c31-b246-204e476ffc40" testId="d63be994-c016-489c-fc5e-b7987268f91e" testName="ProcessManager.Tests.WorkflowTests.UpdateProcess_ChangesEntryPoint" computerName="DESKTOP-6SFQ3NK" duration="00:00:00.0649130" startTime="2026-03-07T20:13:31.9277597-08:00" endTime="2026-03-07T20:13:31.9277598-08:00" testType="13cdc9d9-ddb5-4fa4-a97d-d965ccfc6d4b" outcome="Passed" testListId="8c84fa94-04c1-424b-9868-57a2d4851a1d" relativeResultsDirectory="e3f5582c-9cc7-4c31-b246-204e476ffc40" />
    <UnitTestResult executionId="f41d599c-8e2e-476d-8877-61f77a04ff05" testId="8f4984a3-6007-0982-15cf-66048b794478" testName="ProcessManager.Tests.WorkflowTests.AddProcess_ToWorkflow_Succeeds" computerName="DESKTOP-6SFQ3NK" duration="00:00:00.0272158" startTime="2026-03-07T20:13:31.5927849-08:00" endTime="2026-03-07T20:13:31.5927850-08:00" testType="13cdc9d9-ddb5-4fa4-a97d-d965ccfc6d4b" outcome="Passed" testListId="8c84fa94-04c1-424b-9868-57a2d4851a1d" relativeResultsDirectory="f41d599c-8e2e-476d-8877-61f77a04ff05" />
    <UnitTestResult executionId="eff38aff-3c03-47a2-a915-544edf148513" testId="aebb9623-41e7-8ed0-8539-0b3fc37c0b8c" testName="ProcessManager.Tests.WorkflowTests.RemoveProcess_NoLinks_Succeeds" computerName="DESKTOP-6SFQ3NK" duration="00:00:00.0517567" startTime="2026-03-07T20:13:31.6447315-08:00" endTime="2026-03-07T20:13:31.6447317-08:00" testType="13cdc9d9-ddb5-4fa4-a97d-d965ccfc6d4b" outcome="Passed" testListId="8c84fa94-04c1-424b-9868-57a2d4851a1d" relativeResultsDirectory="eff38aff-3c03-47a2-a915-544edf148513" />
    <UnitTestResult executionId="0f650b32-9b78-4021-9f23-a22fb06ad9e6" testId="fe353d2b-634b-de89-bd1e-3511584f40cf" testName="ProcessManager.Tests.WorkflowTests.CreateLink_SelfLoop_ReturnsBadRequest" computerName="DESKTOP-6SFQ3NK" duration="00:00:00.0304543" startTime="2026-03-07T20:13:32.5043461-08:00" endTime="2026-03-07T20:13:32.5043462-08:00" testType="13cdc9d9-ddb5-4fa4-a97d-d965ccfc6d4b" outcome="Passed" testListId="8c84fa94-04c1-424b-9868-57a2d4851a1d" relativeResultsDirectory="0f650b32-9b78-4021-9f23-a22fb06ad9e6" />
  </Results>
  <TestDefinitions>
    <UnitTest name="ProcessManager.Tests.WorkflowTests.Delete_Workflow_ReturnsNoContent" storage="c:\users\james\source\repos\process_manager\.claude\worktrees\determined-knuth\tests\processmanager.tests\bin\debug\net8.0\processmanager.tests.dll" id="aeb8db45-d1d9-7c82-d090-664bcf69de4a">
      <Execution id="a698abd1-774d-4cc1-9766-80b62eda0417" />
      <TestMethod codeBase="C:\Users\James\source\repos\Process_Manager\.claude\worktrees\determined-knuth\tests\ProcessManager.Tests\bin\Debug\net8.0\ProcessManager.Tests.dll" adapterTypeName="executor://xunit/VsTestRunner2/netcoreapp" className="ProcessManager.Tests.WorkflowTests" name="Delete_Workflow_ReturnsNoContent" />
    </UnitTest>
    <UnitTest name="ProcessManager.Tests.WorkflowTests.UpdateLink_ChangesNameAndSortOrder" storage="c:\users\james\source\repos\process_manager\.claude\worktrees\determined-knuth\tests\processmanager.tests\bin\debug\net8.0\processmanager.tests.dll" id="35d7ed9b-2bc8-7abe-82bd-937ea3842128">
      <Execution id="7c5f0380-9b78-4e17-afcf-bf29401ac34f" />
      <TestMethod codeBase="C:\Users\James\source\repos\Process_Manager\.claude\worktrees\determined-knuth\tests\ProcessManager.Tests\bin\Debug\net8.0\ProcessManager.Tests.dll" adapterTypeName="executor://xunit/VsTestRunner2/netcoreapp" className="ProcessManager.Tests.WorkflowTests" name="UpdateLink_ChangesNameAndSortOrder" />
    </UnitTest>
    <UnitTest name="ProcessManager.Tests.WorkflowTests.GetAll_WithActiveFilter_ReturnsFiltered" storage="c:\users\james\source\repos\process_manager\.claude\worktrees\determined-knuth\tests\processmanager.tests\bin\debug\net8.0\processmanager.tests.dll" id="90f2c12d-a386-7705-1576-4e7d4c9726b5">
      <Execution id="c9238c18-3868-41d2-933d-01e91c27bbe4" />
      <TestMethod codeBase="C:\Users\James\source\repos\Process_Manager\.claude\worktrees\determined-knuth\tests\ProcessManager.Tests\bin\Debug\net8.0\ProcessManager.Tests.dll" adapterTypeName="executor://xunit/VsTestRunner2/netcoreapp" className="ProcessManager.Tests.WorkflowTests" name="GetAll_WithActiveFilter_ReturnsFiltered" />
    </UnitTest>
    <UnitTest name="ProcessManager.Tests.WorkflowTests.Update_Workflow_ChangesMetadata" storage="c:\users\james\source\repos\process_manager\.claude\worktrees\determined-knuth\tests\processmanager.tests\bin\debug\net8.0\processmanager.tests.dll" id="c77cd2f9-476d-0520-8440-88aa61baa7a3">
      <Execution id="3e540389-d3da-4342-a5e3-c5e2c6833d81" />
      <TestMethod codeBase="C:\Users\James\source\repos\Process_Manager\.claude\worktrees\determined-knuth\tests\ProcessManager.Tests\bin\Debug\net8.0\ProcessManager.Tests.dll" adapterTypeName="executor://xunit/VsTestRunner2/netcoreapp" className="ProcessManager.Tests.WorkflowTests" name="Update_Workflow_ChangesMetadata" />
    </UnitTest>
    <UnitTest name="ProcessManager.Tests.WorkflowTests.AddProcess_DuplicateProcesses_CanDeleteOneKeepOthers" storage="c:\users\james\source\repos\process_manager\.claude\worktrees\determined-knuth\tests\processmanager.tests\bin\debug\net8.0\processmanager.tests.dll" id="b86bf36a-7c60-e7ce-bdd4-2e78f4dd3d33">
      <Execution id="9f7ebf83-1b89-4776-8367-856d8184d0ed" />
      <TestMethod codeBase="C:\Users\James\source\repos\Process_Manager\.claude\worktrees\determined-knuth\tests\ProcessManager.Tests\bin\Debug\net8.0\ProcessManager.Tests.dll" adapterTypeName="executor://xunit/VsTestRunner2/netcoreapp" className="ProcessManager.Tests.WorkflowTests" name="AddProcess_DuplicateProcesses_CanDeleteOneKeepOthers" />
    </UnitTest>
    <UnitTest name="ProcessManager.Tests.WorkflowTests.AddProcess_InvalidProcess_ReturnsBadRequest" storage="c:\users\james\source\repos\process_manager\.claude\worktrees\determined-knuth\tests\processmanager.tests\bin\debug\net8.0\processmanager.tests.dll" id="b0bc9062-b6cc-26e3-bebf-c915b31a0231">
      <Execution id="4c2d1f52-f56f-44ee-9202-0e543c7e2dbf" />
      <TestMethod codeBase="C:\Users\James\source\repos\Process_Manager\.claude\worktrees\determined-knuth\tests\ProcessManager.Tests\bin\Debug\net8.0\ProcessManager.Tests.dll" adapterTypeName="executor://xunit/VsTestRunner2/netcoreapp" className="ProcessManager.Tests.WorkflowTests" name="AddProcess_InvalidProcess_ReturnsBadRequest" />
    </UnitTest>
    <UnitTest name="ProcessManager.Tests.WorkflowTests.CreateLink_Manual_Succeeds" storage="c:\users\james\source\repos\process_manager\.claude\worktrees\determined-knuth\tests\processmanager.tests\bin\debug\net8.0\processmanager.tests.dll" id="0aae6574-6fe1-4b82-adea-bd8ee80442f6">
      <Execution id="09a0edca-cfd7-46f5-bfd5-e48b659e453a" />
      <TestMethod codeBase="C:\Users\James\source\repos\Process_Manager\.claude\worktrees\determined-knuth\tests\ProcessManager.Tests\bin\Debug\net8.0\ProcessManager.Tests.dll" adapterTypeName="executor://xunit/VsTestRunner2/netcoreapp" className="ProcessManager.Tests.WorkflowTests" name="CreateLink_Manual_Succeeds" />
    </UnitTest>
    <UnitTest name="ProcessManager.Tests.WorkflowTests.CreateLink_GradeBased_WithConditions_Succeeds" storage="c:\users\james\source\repos\process_manager\.claude\worktrees\determined-knuth\tests\processmanager.tests\bin\debug\net8.0\processmanager.tests.dll" id="f906bfb3-4076-9084-110d-a877b2bb32e9">
      <Execution id="2f059477-368b-4c76-b1af-330dc176541c" />
      <TestMethod codeBase="C:\Users\James\source\repos\Process_Manager\.claude\worktrees\determined-knuth\tests\ProcessManager.Tests\bin\Debug\net8.0\ProcessManager.Tests.dll" adapterTypeName="executor://xunit/VsTestRunner2/netcoreapp" className="ProcessManager.Tests.WorkflowTests" name="CreateLink_GradeBased_WithConditions_Succeeds" />
    </UnitTest>
    <UnitTest name="ProcessManager.Tests.WorkflowTests.Validate_NoEntryPoint_ReturnsError" storage="c:\users\james\source\repos\process_manager\.claude\worktrees\determined-knuth\tests\processmanager.tests\bin\debug\net8.0\processmanager.tests.dll" id="e58fe587-fb8f-21f9-8030-8ad840b48814">
      <Execution id="86585938-53ab-4239-a0a7-47191299cc0c" />
      <TestMethod codeBase="C:\Users\James\source\repos\Process_Manager\.claude\worktrees\determined-knuth\tests\ProcessManager.Tests\bin\Debug\net8.0\ProcessManager.Tests.dll" adapterTypeName="executor://xunit/VsTestRunner2/netcoreapp" className="ProcessManager.Tests.WorkflowTests" name="Validate_NoEntryPoint_ReturnsError" />
    </UnitTest>
    <UnitTest name="ProcessManager.Tests.WorkflowTests.Validate_UnreachableNode_ReturnsWarning" storage="c:\users\james\source\repos\process_manager\.claude\worktrees\determined-knuth\tests\processmanager.tests\bin\debug\net8.0\processmanager.tests.dll" id="e8ea431b-4563-f4fa-c134-9d0eb0cc5fff">
      <Execution id="f5431e72-0420-49fd-88fd-3f0836ac9d1d" />
      <TestMethod codeBase="C:\Users\James\source\repos\Process_Manager\.claude\worktrees\determined-knuth\tests\ProcessManager.Tests\bin\Debug\net8.0\ProcessManager.Tests.dll" adapterTypeName="executor://xunit/VsTestRunner2/netcoreapp" className="ProcessManager.Tests.WorkflowTests" name="Validate_UnreachableNode_ReturnsWarning" />
    </UnitTest>
    <UnitTest name="ProcessManager.Tests.WorkflowTests.DeleteLink_Succeeds" storage="c:\users\james\source\repos\process_manager\.claude\worktrees\determined-knuth\tests\processmanager.tests\bin\debug\net8.0\processmanager.tests.dll" id="4d4bc07e-a382-e81a-a57d-c7bcc19f95b7">
      <Execution id="89fa48c4-97dd-48bd-a2ba-0881bee4d5d5" />
      <TestMethod codeBase="C:\Users\James\source\repos\Process_Manager\.claude\worktrees\determined-knuth\tests\ProcessManager.Tests\bin\Debug\net8.0\ProcessManager.Tests.dll" adapterTypeName="executor://xunit/VsTestRunner2/netcoreapp" className="ProcessManager.Tests.WorkflowTests" name="DeleteLink_Succeeds" />
    </UnitTest>
    <UnitTest name="ProcessManager.Tests.WorkflowTests.RemoveProcess_WithLinks_ReturnsConflict" storage="c:\users\james\source\repos\process_manager\.claude\worktrees\determined-knuth\tests\processmanager.tests\bin\debug\net8.0\processmanager.tests.dll" id="7d8d68d4-8224-7186-92bb-729f33be52f5">
      <Execution id="0c180ae3-b1ef-4c7c-8a86-37cd58f63a98" />
      <TestMethod codeBase="C:\Users\James\source\repos\Process_Manager\.claude\worktrees\determined-knuth\tests\ProcessManager.Tests\bin\Debug\net8.0\ProcessManager.Tests.dll" adapterTypeName="executor://xunit/VsTestRunner2/netcoreapp" className="ProcessManager.Tests.WorkflowTests" name="RemoveProcess_WithLinks_ReturnsConflict" />
    </UnitTest>
    <UnitTest name="ProcessManager.Tests.WorkflowTests.AddProcess_ToWorkflow_Succeeds" storage="c:\users\james\source\repos\process_manager\.claude\worktrees\determined-knuth\tests\processmanager.tests\bin\debug\net8.0\processmanager.tests.dll" id="8f4984a3-6007-0982-15cf-66048b794478">
      <Execution id="f41d599c-8e2e-476d-8877-61f77a04ff05" />
      <TestMethod codeBase="C:\Users\James\source\repos\Process_Manager\.claude\worktrees\determined-knuth\tests\ProcessManager.Tests\bin\Debug\net8.0\ProcessManager.Tests.dll" adapterTypeName="executor://xunit/VsTestRunner2/netcoreapp" className="ProcessManager.Tests.WorkflowTests" name="AddProcess_ToWorkflow_Succeeds" />
    </UnitTest>
    <UnitTest name="ProcessManager.Tests.WorkflowTests.CreateLink_SelfLoop_ReturnsBadRequest" storage="c:\users\james\source\repos\process_manager\.claude\worktrees\determined-knuth\tests\processmanager.tests\bin\debug\net8.0\processmanager.tests.dll" id="fe353d2b-634b-de89-bd1e-3511584f40cf">
      <Execution id="0f650b32-9b78-4021-9f23-a22fb06ad9e6" />
      <TestMethod codeBase="C:\Users\James\source\repos\Process_Manager\.claude\worktrees\determined-knuth\tests\ProcessManager.Tests\bin\Debug\net8.0\ProcessManager.Tests.dll" adapterTypeName="executor://xunit/VsTestRunner2/netcoreapp" className="ProcessManager.Tests.WorkflowTests" name="CreateLink_SelfLoop_ReturnsBadRequest" />
    </UnitTest>
    <UnitTest name="ProcessManager.Tests.WorkflowTests.UpdateProcess_ChangesEntryPoint" storage="c:\users\james\source\repos\process_manager\.claude\worktrees\determined-knuth\tests\processmanager.tests\bin\debug\net8.0\processmanager.tests.dll" id="d63be994-c016-489c-fc5e-b7987268f91e">
      <Execution id="e3f5582c-9cc7-4c31-b246-204e476ffc40" />
      <TestMethod codeBase="C:\Users\James\source\repos\Process_Manager\.claude\worktrees\determined-knuth\tests\ProcessManager.Tests\bin\Debug\net8.0\ProcessManager.Tests.dll" adapterTypeName="executor://xunit/VsTestRunner2/netcoreapp" className="ProcessManager.Tests.WorkflowTests" name="UpdateProcess_ChangesEntryPoint" />
    </UnitTest>
    <UnitTest name="ProcessManager.Tests.WorkflowTests.GetById_ReturnsWorkflowWithProcessesAndLinks" storage="c:\users\james\source\repos\process_manager\.claude\worktrees\determined-knuth\tests\processmanager.tests\bin\debug\net8.0\processmanager.tests.dll" id="a7cd9580-9614-3ca9-1f02-7ee8be9eab54">
      <Execution id="515d305b-fbc8-49e5-95f4-1aafc3b78579" />
      <TestMethod codeBase="C:\Users\James\source\repos\Process_Manager\.claude\worktrees\determined-knuth\tests\ProcessManager.Tests\bin\Debug\net8.0\ProcessManager.Tests.dll" adapterTypeName="executor://xunit/VsTestRunner2/netcoreapp" className="ProcessManager.Tests.WorkflowTests" name="GetById_ReturnsWorkflowWithProcessesAndLinks" />
    </UnitTest>
    <UnitTest name="ProcessManager.Tests.WorkflowTests.CreateLink_Always_Succeeds" storage="c:\users\james\source\repos\process_manager\.claude\worktrees\determined-knuth\tests\processmanager.tests\bin\debug\net8.0\processmanager.tests.dll" id="29566462-f312-c07e-bc66-ce455899d4f6">
      <Execution id="a4ad3ff2-d01b-45f0-b42c-129c63a3ee3e" />
      <TestMethod codeBase="C:\Users\James\source\repos\Process_Manager\.claude\worktrees\determined-knuth\tests\ProcessManager.Tests\bin\Debug\net8.0\ProcessManager.Tests.dll" adapterTypeName="executor://xunit/VsTestRunner2/netcoreapp" className="ProcessManager.Tests.WorkflowTests" name="CreateLink_Always_Succeeds" />
    </UnitTest>
    <UnitTest name="ProcessManager.Tests.WorkflowTests.AddCondition_ToGradeBasedLink_Succeeds" storage="c:\users\james\source\repos\process_manager\.claude\worktrees\determined-knuth\tests\processmanager.tests\bin\debug\net8.0\processmanager.tests.dll" id="9038614f-c5b1-1746-aa3c-a305de23ec98">
      <Execution id="70c05aa5-c2d8-49dd-b8cc-9bc06b41396b" />
      <TestMethod codeBase="C:\Users\James\source\repos\Process_Manager\.claude\worktrees\determined-knuth\tests\ProcessManager.Tests\bin\Debug\net8.0\ProcessManager.Tests.dll" adapterTypeName="executor://xunit/VsTestRunner2/netcoreapp" className="ProcessManager.Tests.WorkflowTests" name="AddCondition_ToGradeBasedLink_Succeeds" />
    </UnitTest>
    <UnitTest name="ProcessManager.Tests.WorkflowTests.RemoveProcess_NoLinks_Succeeds" storage="c:\users\james\source\repos\process_manager\.claude\worktrees\determined-knuth\tests\processmanager.tests\bin\debug\net8.0\processmanager.tests.dll" id="aebb9623-41e7-8ed0-8539-0b3fc37c0b8c">
      <Execution id="eff38aff-3c03-47a2-a915-544edf148513" />
      <TestMethod codeBase="C:\Users\James\source\repos\Process_Manager\.claude\worktrees\determined-knuth\tests\ProcessManager.Tests\bin\Debug\net8.0\ProcessManager.Tests.dll" adapterTypeName="executor://xunit/VsTestRunner2/netcoreapp" className="ProcessManager.Tests.WorkflowTests" name="RemoveProcess_NoLinks_Succeeds" />
    </UnitTest>
    <UnitTest name="ProcessManager.Tests.WorkflowTests.AddProcess_DuplicateProcesses_IndependentConfiguration" storage="c:\users\james\source\repos\process_manager\.claude\worktrees\determined-knuth\tests\processmanager.tests\bin\debug\net8.0\processmanager.tests.dll" id="cf9bea6c-1d49-7feb-e97d-e47a14377605">
      <Execution id="b0559074-cace-43d3-b769-3a141b25cfe3" />
      <TestMethod codeBase="C:\Users\James\source\repos\Process_Manager\.claude\worktrees\determined-knuth\tests\ProcessManager.Tests\bin\Debug\net8.0\ProcessManager.Tests.dll" adapterTypeName="executor://xunit/VsTestRunner2/netcoreapp" className="ProcessManager.Tests.WorkflowTests" name="AddProcess_DuplicateProcesses_IndependentConfiguration" />
    </UnitTest>
    <UnitTest name="ProcessManager.Tests.WorkflowTests.AddTerminalNode_Succeeds" storage="c:\users\james\source\repos\process_manager\.claude\worktrees\determined-knuth\tests\processmanager.tests\bin\debug\net8.0\processmanager.tests.dll" id="fb9d6a6f-795f-f4be-51d0-09b7219a0b92">
      <Execution id="aecb61af-7691-4c02-9443-075f8c481f55" />
      <TestMethod codeBase="C:\Users\James\source\repos\Process_Manager\.claude\worktrees\determined-knuth\tests\ProcessManager.Tests\bin\Debug\net8.0\ProcessManager.Tests.dll" adapterTypeName="executor://xunit/VsTestRunner2/netcoreapp" className="ProcessManager.Tests.WorkflowTests" name="AddTerminalNode_Succeeds" />
    </UnitTest>
    <UnitTest name="ProcessManager.Tests.WorkflowTests.Validate_CompleteWorkflow_IsValid" storage="c:\users\james\source\repos\process_manager\.claude\worktrees\determined-knuth\tests\processmanager.tests\bin\debug\net8.0\processmanager.tests.dll" id="04f77392-cfbe-ae85-2eb2-35ba91996217">
      <Execution id="6c2cd318-1778-4341-a82f-2cf98bf7f8b7" />
      <TestMethod codeBase="C:\Users\James\source\repos\Process_Manager\.claude\worktrees\determined-knuth\tests\ProcessManager.Tests\bin\Debug\net8.0\ProcessManager.Tests.dll" adapterTypeName="executor://xunit/VsTestRunner2/netcoreapp" className="ProcessManager.Tests.WorkflowTests" name="Validate_CompleteWorkflow_IsValid" />
    </UnitTest>
    <UnitTest name="ProcessManager.Tests.WorkflowTests.CreateLink_GradeBased_WithoutConditions_ReturnsBadRequest" storage="c:\users\james\source\repos\process_manager\.claude\worktrees\determined-knuth\tests\processmanager.tests\bin\debug\net8.0\processmanager.tests.dll" id="d129dedb-a94d-6aab-1e97-aeb82867b1bb">
      <Execution id="8fbc20fb-e425-4f8c-ac70-064bfca6e670" />
      <TestMethod codeBase="C:\Users\James\source\repos\Process_Manager\.claude\worktrees\determined-knuth\tests\ProcessManager.Tests\bin\Debug\net8.0\ProcessManager.Tests.dll" adapterTypeName="executor://xunit/VsTestRunner2/netcoreapp" className="ProcessManager.Tests.WorkflowTests" name="CreateLink_GradeBased_WithoutConditions_ReturnsBadRequest" />
    </UnitTest>
    <UnitTest name="ProcessManager.Tests.WorkflowTests.CreateLink_GradeBased_WithMultipleConditions_Succeeds" storage="c:\users\james\source\repos\process_manager\.claude\worktrees\determined-knuth\tests\processmanager.tests\bin\debug\net8.0\processmanager.tests.dll" id="d8f7d038-d10b-8859-d56c-6dcef3c52bce">
      <Execution id="a01c0790-b897-413f-b4d9-a2995a2ac40b" />
      <TestMethod codeBase="C:\Users\James\source\repos\Process_Manager\.claude\worktrees\determined-knuth\tests\ProcessManager.Tests\bin\Debug\net8.0\ProcessManager.Tests.dll" adapterTypeName="executor://xunit/VsTestRunner2/netcoreapp" className="ProcessManager.Tests.WorkflowTests" name="CreateLink_GradeBased_WithMultipleConditions_Succeeds" />
    </UnitTest>
    <UnitTest name="ProcessManager.Tests.WorkflowTests.AddProcess_DuplicateProcesses_CanBeLinkSeparately" storage="c:\users\james\source\repos\process_manager\.claude\worktrees\determined-knuth\tests\processmanager.tests\bin\debug\net8.0\processmanager.tests.dll" id="88958a22-21e5-0bf9-ff3e-fb387101f8e6">
      <Execution id="5cabe4a4-aa51-44f3-b582-51e53e33e1c3" />
      <TestMethod codeBase="C:\Users\James\source\repos\Process_Manager\.claude\worktrees\determined-knuth\tests\ProcessManager.Tests\bin\Debug\net8.0\ProcessManager.Tests.dll" adapterTypeName="executor://xunit/VsTestRunner2/netcoreapp" className="ProcessManager.Tests.WorkflowTests" name="AddProcess_DuplicateProcesses_CanBeLinkSeparately" />
    </UnitTest>
    <UnitTest name="ProcessManager.Tests.WorkflowTests.AddTerminalNode_CannotBeEntryPoint" storage="c:\users\james\source\repos\process_manager\.claude\worktrees\determined-knuth\tests\processmanager.tests\bin\debug\net8.0\processmanager.tests.dll" id="9c4fac5f-417f-8e00-9fdb-30a8afea3ab4">
      <Execution id="79d65dee-660c-4348-a5ed-42d15a0fa4f0" />
      <TestMethod codeBase="C:\Users\James\source\repos\Process_Manager\.claude\worktrees\determined-knuth\tests\ProcessManager.Tests\bin\Debug\net8.0\ProcessManager.Tests.dll" adapterTypeName="executor://xunit/VsTestRunner2/netcoreapp" className="ProcessManager.Tests.WorkflowTests" name="AddTerminalNode_CannotBeEntryPoint" />
    </UnitTest>
    <UnitTest name="ProcessManager.Tests.WorkflowTests.Update_Workflow_IncrementsVersion" storage="c:\users\james\source\repos\process_manager\.claude\worktrees\determined-knuth\tests\processmanager.tests\bin\debug\net8.0\processmanager.tests.dll" id="5c388c76-1c57-a186-a353-9e1808c83fbd">
      <Execution id="cf96f770-052f-4a0f-9473-53707e60147d" />
      <TestMethod codeBase="C:\Users\James\source\repos\Process_Manager\.claude\worktrees\determined-knuth\tests\ProcessManager.Tests\bin\Debug\net8.0\ProcessManager.Tests.dll" adapterTypeName="executor://xunit/VsTestRunner2/netcoreapp" className="ProcessManager.Tests.WorkflowTests" name="Update_Workflow_IncrementsVersion" />
    </UnitTest>
    <UnitTest name="ProcessManager.Tests.WorkflowTests.AddTerminalNode_AppearsInWorkflowGet" storage="c:\users\james\source\repos\process_manager\.claude\worktrees\determined-knuth\tests\processmanager.tests\bin\debug\net8.0\processmanager.tests.dll" id="faa2b502-6cec-8957-b313-b275e0558b93">
      <Execution id="d8043aa2-d09c-457e-af8f-51367250ccfe" />
      <TestMethod codeBase="C:\Users\James\source\repos\Process_Manager\.claude\worktrees\determined-knuth\tests\ProcessManager.Tests\bin\Debug\net8.0\ProcessManager.Tests.dll" adapterTypeName="executor://xunit/VsTestRunner2/netcoreapp" className="ProcessManager.Tests.WorkflowTests" name="AddTerminalNode_AppearsInWorkflowGet" />
    </UnitTest>
    <UnitTest name="ProcessManager.Tests.WorkflowTests.AddCondition_ToAlwaysLink_ReturnsBadRequest" storage="c:\users\james\source\repos\process_manager\.claude\worktrees\determined-knuth\tests\processmanager.tests\bin\debug\net8.0\processmanager.tests.dll" id="a918b26e-9c7d-c085-e156-b344fe5db813">
      <Execution id="6ff55b82-825b-4229-89b1-860fc5e840dc" />
      <TestMethod codeBase="C:\Users\James\source\repos\Process_Manager\.claude\worktrees\determined-knuth\tests\ProcessManager.Tests\bin\Debug\net8.0\ProcessManager.Tests.dll" adapterTypeName="executor://xunit/VsTestRunner2/netcoreapp" className="ProcessManager.Tests.WorkflowTests" name="AddCondition_ToAlwaysLink_ReturnsBadRequest" />
    </UnitTest>
    <UnitTest name="ProcessManager.Tests.WorkflowTests.Validate_ReworkLoop_WorkflowStructure_IsCorrect" storage="c:\users\james\source\repos\process_manager\.claude\worktrees\determined-knuth\tests\processmanager.tests\bin\debug\net8.0\processmanager.tests.dll" id="d518f12a-3e47-ce56-464e-7600902e888e">
      <Execution id="f4d90524-8841-41c6-a506-5f49671a2147" />
      <TestMethod codeBase="C:\Users\James\source\repos\Process_Manager\.claude\worktrees\determined-knuth\tests\ProcessManager.Tests\bin\Debug\net8.0\ProcessManager.Tests.dll" adapterTypeName="executor://xunit/VsTestRunner2/netcoreapp" className="ProcessManager.Tests.WorkflowTests" name="Validate_ReworkLoop_WorkflowStructure_IsCorrect" />
    </UnitTest>
    <UnitTest name="ProcessManager.Tests.WorkflowTests.AddCondition_DuplicateGrade_ReturnsConflict" storage="c:\users\james\source\repos\process_manager\.claude\worktrees\determined-knuth\tests\processmanager.tests\bin\debug\net8.0\processmanager.tests.dll" id="9d92670e-5761-5561-ec24-3f00044e11c8">
      <Execution id="6db0d384-7749-4d63-8594-971a25f708cd" />
      <TestMethod codeBase="C:\Users\James\source\repos\Process_Manager\.claude\worktrees\determined-knuth\tests\ProcessManager.Tests\bin\Debug\net8.0\ProcessManager.Tests.dll" adapterTypeName="executor://xunit/VsTestRunner2/netcoreapp" className="ProcessManager.Tests.WorkflowTests" name="AddCondition_DuplicateGrade_ReturnsConflict" />
    </UnitTest>
    <UnitTest name="ProcessManager.Tests.WorkflowTests.AddProcess_SameProcessThreeTimes_AllAppearInWorkflow" storage="c:\users\james\source\repos\process_manager\.claude\worktrees\determined-knuth\tests\processmanager.tests\bin\debug\net8.0\processmanager.tests.dll" id="7e8897a0-4a20-10c5-7122-aadc6d0f4b6d">
      <Execution id="62816c1c-ff55-4150-a5a8-3750213829b8" />
      <TestMethod codeBase="C:\Users\James\source\repos\Process_Manager\.claude\worktrees\determined-knuth\tests\ProcessManager.Tests\bin\Debug\net8.0\ProcessManager.Tests.dll" adapterTypeName="executor://xunit/VsTestRunner2/netcoreapp" className="ProcessManager.Tests.WorkflowTests" name="AddProcess_SameProcessThreeTimes_AllAppearInWorkflow" />
    </UnitTest>
    <UnitTest name="ProcessManager.Tests.WorkflowTests.AddProcess_SameProcessTwice_Succeeds" storage="c:\users\james\source\repos\process_manager\.claude\worktrees\determined-knuth\tests\processmanager.tests\bin\debug\net8.0\processmanager.tests.dll" id="1876d1b5-4390-c088-08d4-8bc10f6a1374">
      <Execution id="f1d81a4a-51e4-4470-ad61-69f8d877c1ae" />
      <TestMethod codeBase="C:\Users\James\source\repos\Process_Manager\.claude\worktrees\determined-knuth\tests\ProcessManager.Tests\bin\Debug\net8.0\ProcessManager.Tests.dll" adapterTypeName="executor://xunit/VsTestRunner2/netcoreapp" className="ProcessManager.Tests.WorkflowTests" name="AddProcess_SameProcessTwice_Succeeds" />
    </UnitTest>
    <UnitTest name="ProcessManager.Tests.WorkflowTests.RemoveCondition_Succeeds" storage="c:\users\james\source\repos\process_manager\.claude\worktrees\determined-knuth\tests\processmanager.tests\bin\debug\net8.0\processmanager.tests.dll" id="442a44f5-9322-33b8-4ec0-01afcb8f962b">
      <Execution id="a83a7c47-1050-4ca7-84d2-7320a2ad285c" />
      <TestMethod codeBase="C:\Users\James\source\repos\Process_Manager\.claude\worktrees\determined-knuth\tests\ProcessManager.Tests\bin\Debug\net8.0\ProcessManager.Tests.dll" adapterTypeName="executor://xunit/VsTestRunner2/netcoreapp" className="ProcessManager.Tests.WorkflowTests" name="RemoveCondition_Succeeds" />
    </UnitTest>
    <UnitTest name="ProcessManager.Tests.WorkflowTests.AddTerminalNode_CanBeLinkedTo" storage="c:\users\james\source\repos\process_manager\.claude\worktrees\determined-knuth\tests\processmanager.tests\bin\debug\net8.0\processmanager.tests.dll" id="1baab27b-bbc0-fa40-a718-d6f6b218f6d4">
      <Execution id="c2195fef-0a96-49b4-a072-9feb9bc624f3" />
      <TestMethod codeBase="C:\Users\James\source\repos\Process_Manager\.claude\worktrees\determined-knuth\tests\ProcessManager.Tests\bin\Debug\net8.0\ProcessManager.Tests.dll" adapterTypeName="executor://xunit/VsTestRunner2/netcoreapp" className="ProcessManager.Tests.WorkflowTests" name="AddTerminalNode_CanBeLinkedTo" />
    </UnitTest>
    <UnitTest name="ProcessManager.Tests.WorkflowTests.Create_DuplicateCode_ReturnsConflict" storage="c:\users\james\source\repos\process_manager\.claude\worktrees\determined-knuth\tests\processmanager.tests\bin\debug\net8.0\processmanager.tests.dll" id="42eaf15f-4492-41f9-7882-5539d7ce51d5">
      <Execution id="7b0d26f0-e6c2-4520-9c0c-e7d8b915f373" />
      <TestMethod codeBase="C:\Users\James\source\repos\Process_Manager\.claude\worktrees\determined-knuth\tests\ProcessManager.Tests\bin\Debug\net8.0\ProcessManager.Tests.dll" adapterTypeName="executor://xunit/VsTestRunner2/netcoreapp" className="ProcessManager.Tests.WorkflowTests" name="Create_DuplicateCode_ReturnsConflict" />
    </UnitTest>
    <UnitTest name="ProcessManager.Tests.WorkflowTests.Create_Workflow_ReturnsCreated" storage="c:\users\james\source\repos\process_manager\.claude\worktrees\determined-knuth\tests\processmanager.tests\bin\debug\net8.0\processmanager.tests.dll" id="f95f65ed-bb89-ceff-1c50-075b3e5ab4a3">
      <Execution id="b2f247dc-cb5e-476a-8b67-b8315faed2b7" />
      <TestMethod codeBase="C:\Users\James\source\repos\Process_Manager\.claude\worktrees\determined-knuth\tests\ProcessManager.Tests\bin\Debug\net8.0\ProcessManager.Tests.dll" adapterTypeName="executor://xunit/VsTestRunner2/netcoreapp" className="ProcessManager.Tests.WorkflowTests" name="Create_Workflow_ReturnsCreated" />
    </UnitTest>
    <UnitTest name="ProcessManager.Tests.WorkflowTests.CreateLink_Duplicate_ReturnsConflict" storage="c:\users\james\source\repos\process_manager\.claude\worktrees\determined-knuth\tests\processmanager.tests\bin\debug\net8.0\processmanager.tests.dll" id="7e4090ec-f99a-7d6c-af65-f89dbaeed474">
      <Execution id="d5d6b142-995e-4724-ae4b-9fc8a58cc24f" />
      <TestMethod codeBase="C:\Users\James\source\repos\Process_Manager\.claude\worktrees\determined-knuth\tests\ProcessManager.Tests\bin\Debug\net8.0\ProcessManager.Tests.dll" adapterTypeName="executor://xunit/VsTestRunner2/netcoreapp" className="ProcessManager.Tests.WorkflowTests" name="CreateLink_Duplicate_ReturnsConflict" />
    </UnitTest>
  </TestDefinitions>
  <TestEntries>
    <TestEntry testId="e8ea431b-4563-f4fa-c134-9d0eb0cc5fff" executionId="f5431e72-0420-49fd-88fd-3f0836ac9d1d" testListId="8c84fa94-04c1-424b-9868-57a2d4851a1d" />
    <TestEntry testId="cf9bea6c-1d49-7feb-e97d-e47a14377605" executionId="b0559074-cace-43d3-b769-3a141b25cfe3" testListId="8c84fa94-04c1-424b-9868-57a2d4851a1d" />
    <TestEntry testId="9d92670e-5761-5561-ec24-3f00044e11c8" executionId="6db0d384-7749-4d63-8594-971a25f708cd" testListId="8c84fa94-04c1-424b-9868-57a2d4851a1d" />
    <TestEntry testId="88958a22-21e5-0bf9-ff3e-fb387101f8e6" executionId="5cabe4a4-aa51-44f3-b582-51e53e33e1c3" testListId="8c84fa94-04c1-424b-9868-57a2d4851a1d" />
    <TestEntry testId="7d8d68d4-8224-7186-92bb-729f33be52f5" executionId="0c180ae3-b1ef-4c7c-8a86-37cd58f63a98" testListId="8c84fa94-04c1-424b-9868-57a2d4851a1d" />
    <TestEntry testId="5c388c76-1c57-a186-a353-9e1808c83fbd" executionId="cf96f770-052f-4a0f-9473-53707e60147d" testListId="8c84fa94-04c1-424b-9868-57a2d4851a1d" />
    <TestEntry testId="04f77392-cfbe-ae85-2eb2-35ba91996217" executionId="6c2cd318-1778-4341-a82f-2cf98bf7f8b7" testListId="8c84fa94-04c1-424b-9868-57a2d4851a1d" />
    <TestEntry testId="1876d1b5-4390-c088-08d4-8bc10f6a1374" executionId="f1d81a4a-51e4-4470-ad61-69f8d877c1ae" testListId="8c84fa94-04c1-424b-9868-57a2d4851a1d" />
    <TestEntry testId="4d4bc07e-a382-e81a-a57d-c7bcc19f95b7" executionId="89fa48c4-97dd-48bd-a2ba-0881bee4d5d5" testListId="8c84fa94-04c1-424b-9868-57a2d4851a1d" />
    <TestEntry testId="d8f7d038-d10b-8859-d56c-6dcef3c52bce" executionId="a01c0790-b897-413f-b4d9-a2995a2ac40b" testListId="8c84fa94-04c1-424b-9868-57a2d4851a1d" />
    <TestEntry testId="35d7ed9b-2bc8-7abe-82bd-937ea3842128" executionId="7c5f0380-9b78-4e17-afcf-bf29401ac34f" testListId="8c84fa94-04c1-424b-9868-57a2d4851a1d" />
    <TestEntry testId="442a44f5-9322-33b8-4ec0-01afcb8f962b" executionId="a83a7c47-1050-4ca7-84d2-7320a2ad285c" testListId="8c84fa94-04c1-424b-9868-57a2d4851a1d" />
    <TestEntry testId="d518f12a-3e47-ce56-464e-7600902e888e" executionId="f4d90524-8841-41c6-a506-5f49671a2147" testListId="8c84fa94-04c1-424b-9868-57a2d4851a1d" />
    <TestEntry testId="90f2c12d-a386-7705-1576-4e7d4c9726b5" executionId="c9238c18-3868-41d2-933d-01e91c27bbe4" testListId="8c84fa94-04c1-424b-9868-57a2d4851a1d" />
    <TestEntry testId="aeb8db45-d1d9-7c82-d090-664bcf69de4a" executionId="a698abd1-774d-4cc1-9766-80b62eda0417" testListId="8c84fa94-04c1-424b-9868-57a2d4851a1d" />
    <TestEntry testId="0aae6574-6fe1-4b82-adea-bd8ee80442f6" executionId="09a0edca-cfd7-46f5-bfd5-e48b659e453a" testListId="8c84fa94-04c1-424b-9868-57a2d4851a1d" />
    <TestEntry testId="d129dedb-a94d-6aab-1e97-aeb82867b1bb" executionId="8fbc20fb-e425-4f8c-ac70-064bfca6e670" testListId="8c84fa94-04c1-424b-9868-57a2d4851a1d" />
    <TestEntry testId="1baab27b-bbc0-fa40-a718-d6f6b218f6d4" executionId="c2195fef-0a96-49b4-a072-9feb9bc624f3" testListId="8c84fa94-04c1-424b-9868-57a2d4851a1d" />
    <TestEntry testId="e58fe587-fb8f-21f9-8030-8ad840b48814" executionId="86585938-53ab-4239-a0a7-47191299cc0c" testListId="8c84fa94-04c1-424b-9868-57a2d4851a1d" />
    <TestEntry testId="7e8897a0-4a20-10c5-7122-aadc6d0f4b6d" executionId="62816c1c-ff55-4150-a5a8-3750213829b8" testListId="8c84fa94-04c1-424b-9868-57a2d4851a1d" />
    <TestEntry testId="fb9d6a6f-795f-f4be-51d0-09b7219a0b92" executionId="aecb61af-7691-4c02-9443-075f8c481f55" testListId="8c84fa94-04c1-424b-9868-57a2d4851a1d" />
    <TestEntry testId="7e4090ec-f99a-7d6c-af65-f89dbaeed474" executionId="d5d6b142-995e-4724-ae4b-9fc8a58cc24f" testListId="8c84fa94-04c1-424b-9868-57a2d4851a1d" />
    <TestEntry testId="9038614f-c5b1-1746-aa3c-a305de23ec98" executionId="70c05aa5-c2d8-49dd-b8cc-9bc06b41396b" testListId="8c84fa94-04c1-424b-9868-57a2d4851a1d" />
    <TestEntry testId="f95f65ed-bb89-ceff-1c50-075b3e5ab4a3" executionId="b2f247dc-cb5e-476a-8b67-b8315faed2b7" testListId="8c84fa94-04c1-424b-9868-57a2d4851a1d" />
    <TestEntry testId="a918b26e-9c7d-c085-e156-b344fe5db813" executionId="6ff55b82-825b-4229-89b1-860fc5e840dc" testListId="8c84fa94-04c1-424b-9868-57a2d4851a1d" />
    <TestEntry testId="42eaf15f-4492-41f9-7882-5539d7ce51d5" executionId="7b0d26f0-e6c2-4520-9c0c-e7d8b915f373" testListId="8c84fa94-04c1-424b-9868-57a2d4851a1d" />
    <TestEntry testId="f906bfb3-4076-9084-110d-a877b2bb32e9" executionId="2f059477-368b-4c76-b1af-330dc176541c" testListId="8c84fa94-04c1-424b-9868-57a2d4851a1d" />
    <TestEntry testId="a7cd9580-9614-3ca9-1f02-7ee8be9eab54" executionId="515d305b-fbc8-49e5-95f4-1aafc3b78579" testListId="8c84fa94-04c1-424b-9868-57a2d4851a1d" />
    <TestEntry testId="c77cd2f9-476d-0520-8440-88aa61baa7a3" executionId="3e540389-d3da-4342-a5e3-c5e2c6833d81" testListId="8c84fa94-04c1-424b-9868-57a2d4851a1d" />
    <TestEntry testId="b86bf36a-7c60-e7ce-bdd4-2e78f4dd3d33" executionId="9f7ebf83-1b89-4776-8367-856d8184d0ed" testListId="8c84fa94-04c1-424b-9868-57a2d4851a1d" />
    <TestEntry testId="29566462-f312-c07e-bc66-ce455899d4f6" executionId="a4ad3ff2-d01b-45f0-b42c-129c63a3ee3e" testListId="8c84fa94-04c1-424b-9868-57a2d4851a1d" />
    <TestEntry testId="b0bc9062-b6cc-26e3-bebf-c915b31a0231" executionId="4c2d1f52-f56f-44ee-9202-0e543c7e2dbf" testListId="8c84fa94-04c1-424b-9868-57a2d4851a1d" />
    <TestEntry testId="9c4fac5f-417f-8e00-9fdb-30a8afea3ab4" executionId="79d65dee-660c-4348-a5ed-42d15a0fa4f0" testListId="8c84fa94-04c1-424b-9868-57a2d4851a1d" />
    <TestEntry testId="faa2b502-6cec-8957-b313-b275e0558b93" executionId="d8043aa2-d09c-457e-af8f-51367250ccfe" testListId="8c84fa94-04c1-424b-9868-57a2d4851a1d" />
    <TestEntry testId="d63be994-c016-489c-fc5e-b7987268f91e" executionId="e3f5582c-9cc7-4c31-b246-204e476ffc40" testListId="8c84fa94-04c1-424b-9868-57a2d4851a1d" />
    <TestEntry testId="8f4984a3-6007-0982-15cf-66048b794478" executionId="f41d599c-8e2e-476d-8877-61f77a04ff05" testListId="8c84fa94-04c1-424b-9868-57a2d4851a1d" />
    <TestEntry testId="aebb9623-41e7-8ed0-8539-0b3fc37c0b8c" executionId="eff38aff-3c03-47a2-a915-544edf148513" testListId="8c84fa94-04c1-424b-9868-57a2d4851a1d" />
    <TestEntry testId="fe353d2b-634b-de89-bd1e-3511584f40cf" executionId="0f650b32-9b78-4021-9f23-a22fb06ad9e6" testListId="8c84fa94-04c1-424b-9868-57a2d4851a1d" />
  </TestEntries>
  <TestLists>
    <TestList name="Results Not in a List" id="8c84fa94-04c1-424b-9868-57a2d4851a1d" />
    <TestList name="All Loaded Results" id="19431567-8539-422a-85d7-44ee4e166bda" />
  </TestLists>
  <ResultSummary outcome="Completed">
    <Counters total="38" executed="38" passed="38" failed="0" error="0" timeout="0" aborted="0" inconclusive="0" passedButRunAborted="0" notRunnable="0" notExecuted="0" disconnected="0" warning="0" completed="0" inProgress="0" pending="0" />
    <Output>
      <StdOut>[xUnit.net 00:00:00.00] xUnit.net VSTest Adapter v2.5.3.1+6b60a9e56a (64-bit .NET 8.0.24)&#xD;
[xUnit.net 00:00:00.09]   Discovering: ProcessManager.Tests&#xD;
[xUnit.net 00:00:00.14]   Discovered:  ProcessManager.Tests&#xD;
[xUnit.net 00:00:00.15]   Starting:    ProcessManager.Tests&#xD;
info: Microsoft.EntityFrameworkCore.Update[30100]&#xD;
      Saved 0 entities to in-memory store.&#xD;
info: Microsoft.EntityFrameworkCore.Update[30100]&#xD;
      Saved 1 entities to in-memory store.&#xD;
info: Microsoft.EntityFrameworkCore.Update[30100]&#xD;
      Saved 1 entities to in-memory store.&#xD;
info: Microsoft.EntityFrameworkCore.Update[30100]&#xD;
      Saved 1 entities to in-memory store.&#xD;
info: Microsoft.EntityFrameworkCore.Update[30100]&#xD;
      Saved 2 entities to in-memory store.&#xD;
info: Microsoft.EntityFrameworkCore.Update[30100]&#xD;
      Saved 80 entities to in-memory store.&#xD;
warn: Microsoft.AspNetCore.HttpsPolicy.HttpsRedirectionMiddleware[3]&#xD;
      Failed to determine the https port for redirect.&#xD;
info: Microsoft.EntityFrameworkCore.Update[30100]&#xD;
      Saved 1 entities to in-memory store.&#xD;
info: Microsoft.EntityFrameworkCore.Update[30100]&#xD;
      Saved 1 entities to in-memory store.&#xD;
info: Microsoft.EntityFrameworkCore.Update[30100]&#xD;
      Saved 1 entities to in-memory store.&#xD;
info: Microsoft.EntityFrameworkCore.Update[30100]&#xD;
      Saved 1 entities to in-memory store.&#xD;
info: Microsoft.EntityFrameworkCore.Update[30100]&#xD;
      Saved 3 entities to in-memory store.&#xD;
info: Microsoft.EntityFrameworkCore.Update[30100]&#xD;
      Saved 3 entities to in-memory store.&#xD;
info: Microsoft.EntityFrameworkCore.Update[30100]&#xD;
      Saved 1 entities to in-memory store.&#xD;
info: Microsoft.EntityFrameworkCore.Update[30100]&#xD;
      Saved 2 entities to in-memory store.&#xD;
info: Microsoft.EntityFrameworkCore.Update[30100]&#xD;
      Saved 1 entities to in-memory store.&#xD;
info: Microsoft.EntityFrameworkCore.Update[30100]&#xD;
      Saved 2 entities to in-memory store.&#xD;
info: Microsoft.EntityFrameworkCore.Update[30100]&#xD;
      Saved 1 entities to in-memory store.&#xD;
info: Microsoft.EntityFrameworkCore.Update[30100]&#xD;
      Saved 1 entities to in-memory store.&#xD;
info: Microsoft.EntityFrameworkCore.Update[30100]&#xD;
      Saved 1 entities to in-memory store.&#xD;
info: Microsoft.EntityFrameworkCore.Update[30100]&#xD;
      Saved 3 entities to in-memory store.&#xD;
info: Microsoft.EntityFrameworkCore.Update[30100]&#xD;
      Saved 1 entities to in-memory store.&#xD;
info: Microsoft.EntityFrameworkCore.Update[30100]&#xD;
      Saved 1 entities to in-memory store.&#xD;
info: Microsoft.EntityFrameworkCore.Update[30100]&#xD;
      Saved 1 entities to in-memory store.&#xD;
info: Microsoft.EntityFrameworkCore.Update[30100]&#xD;
      Saved 1 entities to in-memory store.&#xD;
info: Microsoft.EntityFrameworkCore.Update[30100]&#xD;
      Saved 3 entities to in-memory store.&#xD;
info: Microsoft.EntityFrameworkCore.Update[30100]&#xD;
      Saved 4 entities to in-memory store.&#xD;
info: Microsoft.EntityFrameworkCore.Update[30100]&#xD;
      Saved 1 entities to in-memory store.&#xD;
info: Microsoft.EntityFrameworkCore.Update[30100]&#xD;
      Saved 2 entities to in-memory store.&#xD;
info: Microsoft.EntityFrameworkCore.Update[30100]&#xD;
      Saved 2 entities to in-memory store.&#xD;
info: Microsoft.EntityFrameworkCore.Update[30100]&#xD;
      Saved 2 entities to in-memory store.&#xD;
info: Microsoft.EntityFrameworkCore.Update[30100]&#xD;
      Saved 1 entities to in-memory store.&#xD;
info: Microsoft.EntityFrameworkCore.Update[30100]&#xD;
      Saved 1 entities to in-memory store.&#xD;
info: Microsoft.EntityFrameworkCore.Update[30100]&#xD;
      Saved 1 entities to in-memory store.&#xD;
info: Microsoft.EntityFrameworkCore.Update[30100]&#xD;
      Saved 1 entities to in-memory store.&#xD;
info: Microsoft.EntityFrameworkCore.Update[30100]&#xD;
      Saved 1 entities to in-memory store.&#xD;
info: Microsoft.EntityFrameworkCore.Update[30100]&#xD;
      Saved 1 entities to in-memory store.&#xD;
info: Microsoft.EntityFrameworkCore.Update[30100]&#xD;
      Saved 1 entities to in-memory store.&#xD;
info: Microsoft.EntityFrameworkCore.Update[30100]&#xD;
      Saved 1 entities to in-memory store.&#xD;
info: Microsoft.EntityFrameworkCore.Update[30100]&#xD;
      Saved 1 entities to in-memory store.&#xD;
info: Microsoft.EntityFrameworkCore.Update[30100]&#xD;
      Saved 3 entities to in-memory store.&#xD;
info: Microsoft.EntityFrameworkCore.Update[30100]&#xD;
      Saved 4 entities to in-memory store.&#xD;
info: Microsoft.EntityFrameworkCore.Update[30100]&#xD;
      Saved 1 entities to in-memory store.&#xD;
info: Microsoft.EntityFrameworkCore.Update[30100]&#xD;
      Saved 2 entities to in-memory store.&#xD;
info: Microsoft.EntityFrameworkCore.Update[30100]&#xD;
      Saved 2 entities to in-memory store.&#xD;
info: Microsoft.EntityFrameworkCore.Update[30100]&#xD;
      Saved 2 entities to in-memory store.&#xD;
info: Microsoft.EntityFrameworkCore.Update[30100]&#xD;
      Saved 1 entities to in-memory store.&#xD;
info: Microsoft.EntityFrameworkCore.Update[30100]&#xD;
      Saved 1 entities to in-memory store.&#xD;
info: Microsoft.EntityFrameworkCore.Update[30100]&#xD;
      Saved 1 entities to in-memory store.&#xD;
info: Microsoft.EntityFrameworkCore.Update[30100]&#xD;
      Saved 1 entities to in-memory store.&#xD;
info: Microsoft.EntityFrameworkCore.Update[30100]&#xD;
      Saved 1 entities to in-memory store.&#xD;
info: Microsoft.EntityFrameworkCore.Update[30100]&#xD;
      Saved 1 entities to in-memory store.&#xD;
info: Microsoft.EntityFrameworkCore.Update[30100]&#xD;
      Saved 3 entities to in-memory store.&#xD;
info: Microsoft.EntityFrameworkCore.Update[30100]&#xD;
      Saved 4 entities to in-memory store.&#xD;
info: Microsoft.EntityFrameworkCore.Update[30100]&#xD;
      Saved 1 entities to in-memory store.&#xD;
info: Microsoft.EntityFrameworkCore.Update[30100]&#xD;
      Saved 2 entities to in-memory store.&#xD;
info: Microsoft.EntityFrameworkCore.Update[30100]&#xD;
      Saved 2 entities to in-memory store.&#xD;
info: Microsoft.EntityFrameworkCore.Update[30100]&#xD;
      Saved 2 entities to in-memory store.&#xD;
info: Microsoft.EntityFrameworkCore.Update[30100]&#xD;
      Saved 3 entities to in-memory store.&#xD;
info: Microsoft.EntityFrameworkCore.Update[30100]&#xD;
      Saved 1 entities to in-memory store.&#xD;
info: Microsoft.EntityFrameworkCore.Update[30100]&#xD;
      Saved 2 entities to in-memory store.&#xD;
info: Microsoft.EntityFrameworkCore.Update[30100]&#xD;
      Saved 3 entities to in-memory store.&#xD;
info: Microsoft.EntityFrameworkCore.Update[30100]&#xD;
      Saved 1 entities to in-memory store.&#xD;
info: Microsoft.EntityFrameworkCore.Update[30100]&#xD;
      Saved 2 entities to in-memory store.&#xD;
info: Microsoft.EntityFrameworkCore.Update[30100]&#xD;
      Saved 1 entities to in-memory store.&#xD;
info: Microsoft.EntityFrameworkCore.Update[30100]&#xD;
      Saved 1 entities to in-memory store.&#xD;
info: Microsoft.EntityFrameworkCore.Update[30100]&#xD;
      Saved 1 entities to in-memory store.&#xD;
info: Microsoft.EntityFrameworkCore.Update[30100]&#xD;
      Saved 1 entities to in-memory store.&#xD;
info: Microsoft.EntityFrameworkCore.Update[30100]&#xD;
      Saved 2 entities to in-memory store.&#xD;
info: Microsoft.EntityFrameworkCore.Update[30100]&#xD;
      Saved 2 entities to in-memory store.&#xD;
info: Microsoft.EntityFrameworkCore.Update[30100]&#xD;
      Saved 1 entities to in-memory store.&#xD;
info: Microsoft.EntityFrameworkCore.Update[30100]&#xD;
      Saved 1 entities to in-memory store.&#xD;
info: Microsoft.EntityFrameworkCore.Update[30100]&#xD;
      Saved 1 entities to in-memory store.&#xD;
info: Microsoft.EntityFrameworkCore.Update[30100]&#xD;
      Saved 1 entities to in-memory store.&#xD;
info: Microsoft.EntityFrameworkCore.Update[30100]&#xD;
      Saved 1 entities to in-memory store.&#xD;
info: Microsoft.EntityFrameworkCore.Update[30100]&#xD;
      Saved 1 entities to in-memory store.&#xD;
info: Microsoft.EntityFrameworkCore.Update[30100]&#xD;
      Saved 3 entities to in-memory store.&#xD;
info: Microsoft.EntityFrameworkCore.Update[30100]&#xD;
      Saved 4 entities to in-memory store.&#xD;
info: Microsoft.EntityFrameworkCore.Update[30100]&#xD;
      Saved 1 entities to in-memory store.&#xD;
info: Microsoft.EntityFrameworkCore.Update[30100]&#xD;
      Saved 2 entities to in-memory store.&#xD;
info: Microsoft.EntityFrameworkCore.Update[30100]&#xD;
      Saved 2 entities to in-memory store.&#xD;
info: Microsoft.EntityFrameworkCore.Update[30100]&#xD;
      Saved 2 entities to in-memory store.&#xD;
info: Microsoft.EntityFrameworkCore.Update[30100]&#xD;
      Saved 1 entities to in-memory store.&#xD;
info: Microsoft.EntityFrameworkCore.Update[30100]&#xD;
      Saved 1 entities to in-memory store.&#xD;
info: Microsoft.EntityFrameworkCore.Update[30100]&#xD;
      Saved 1 entities to in-memory store.&#xD;
info: Microsoft.EntityFrameworkCore.Update[30100]&#xD;
      Saved 1 entities to in-memory store.&#xD;
info: Microsoft.EntityFrameworkCore.Update[30100]&#xD;
      Saved 1 entities to in-memory store.&#xD;
info: Microsoft.EntityFrameworkCore.Update[30100]&#xD;
      Saved 1 entities to in-memory store.&#xD;
info: Microsoft.EntityFrameworkCore.Update[30100]&#xD;
      Saved 1 entities to in-memory store.&#xD;
info: Microsoft.EntityFrameworkCore.Update[30100]&#xD;
      Saved 3 entities to in-memory store.&#xD;
info: Microsoft.EntityFrameworkCore.Update[30100]&#xD;
      Saved 4 entities to in-memory store.&#xD;
info: Microsoft.EntityFrameworkCore.Update[30100]&#xD;
      Saved 1 entities to in-memory store.&#xD;
info: Microsoft.EntityFrameworkCore.Update[30100]&#xD;
      Saved 2 entities to in-memory store.&#xD;
info: Microsoft.EntityFrameworkCore.Update[30100]&#xD;
      Saved 2 entities to in-memory store.&#xD;
info: Microsoft.EntityFrameworkCore.Update[30100]&#xD;
      Saved 2 entities to in-memory store.&#xD;
info: Microsoft.EntityFrameworkCore.Update[30100]&#xD;
      Saved 1 entities to in-memory store.&#xD;
info: Microsoft.EntityFrameworkCore.Update[30100]&#xD;
      Saved 1 entities to in-memory store.&#xD;
info: Microsoft.EntityFrameworkCore.Update[30100]&#xD;
      Saved 1 entities to in-memory store.&#xD;
info: Microsoft.EntityFrameworkCore.Update[30100]&#xD;
      Saved 1 entities to in-memory store.&#xD;
info: Microsoft.EntityFrameworkCore.Update[30100]&#xD;
      Saved 1 entities to in-memory store.&#xD;
info: Microsoft.EntityFrameworkCore.Update[30100]&#xD;
      Saved 1 entities to in-memory store.&#xD;
info: Microsoft.EntityFrameworkCore.Update[30100]&#xD;
      Saved 1 entities to in-memory store.&#xD;
info: Microsoft.EntityFrameworkCore.Update[30100]&#xD;
      Saved 3 entities to in-memory store.&#xD;
info: Microsoft.EntityFrameworkCore.Update[30100]&#xD;
      Saved 4 entities to in-memory store.&#xD;
info: Microsoft.EntityFrameworkCore.Update[30100]&#xD;
      Saved 1 entities to in-memory store.&#xD;
info: Microsoft.EntityFrameworkCore.Update[30100]&#xD;
      Saved 2 entities to in-memory store.&#xD;
info: Microsoft.EntityFrameworkCore.Update[30100]&#xD;
      Saved 2 entities to in-memory store.&#xD;
info: Microsoft.EntityFrameworkCore.Update[30100]&#xD;
      Saved 2 entities to in-memory store.&#xD;
info: Microsoft.EntityFrameworkCore.Update[30100]&#xD;
      Saved 1 entities to in-memory store.&#xD;
info: Microsoft.EntityFrameworkCore.Update[30100]&#xD;
      Saved 1 entities to in-memory store.&#xD;
info: Microsoft.EntityFrameworkCore.Update[30100]&#xD;
      Saved 1 entities to in-memory store.&#xD;
info: Microsoft.EntityFrameworkCore.Update[30100]&#xD;
      Saved 1 entities to in-memory store.&#xD;
info: Microsoft.EntityFrameworkCore.Update[30100]&#xD;
      Saved 3 entities to in-memory store.&#xD;
info: Microsoft.EntityFrameworkCore.Update[30100]&#xD;
      Saved 4 entities to in-memory store.&#xD;
info: Microsoft.EntityFrameworkCore.Update[30100]&#xD;
      Saved 1 entities to in-memory store.&#xD;
info: Microsoft.EntityFrameworkCore.Update[30100]&#xD;
      Saved 2 entities to in-memory store.&#xD;
info: Microsoft.EntityFrameworkCore.Update[30100]&#xD;
      Saved 2 entities to in-memory store.&#xD;
info: Microsoft.EntityFrameworkCore.Update[30100]&#xD;
      Saved 2 entities to in-memory store.&#xD;
info: Microsoft.EntityFrameworkCore.Update[30100]&#xD;
      Saved 1 entities to in-memory store.&#xD;
info: Microsoft.EntityFrameworkCore.Update[30100]&#xD;
      Saved 1 entities to in-memory store.&#xD;
info: Microsoft.EntityFrameworkCore.Update[30100]&#xD;
      Saved 1 entities to in-memory store.&#xD;
info: Microsoft.EntityFrameworkCore.Update[30100]&#xD;
      Saved 1 entities to in-memory store.&#xD;
info: Microsoft.EntityFrameworkCore.Update[30100]&#xD;
      Saved 1 entities to in-memory store.&#xD;
info: Microsoft.EntityFrameworkCore.Update[30100]&#xD;
      Saved 1 entities to in-memory store.&#xD;
info: Microsoft.EntityFrameworkCore.Update[30100]&#xD;
      Saved 1 entities to in-memory store.&#xD;
info: Microsoft.EntityFrameworkCore.Update[30100]&#xD;
      Saved 1 entities to in-memory store.&#xD;
info: Microsoft.EntityFrameworkCore.Update[30100]&#xD;
      Saved 3 entities to in-memory store.&#xD;
info: Microsoft.EntityFrameworkCore.Update[30100]&#xD;
      Saved 4 entities to in-memory store.&#xD;
info: Microsoft.EntityFrameworkCore.Update[30100]&#xD;
      Saved 1 entities to in-memory store.&#xD;
info: Microsoft.EntityFrameworkCore.Update[30100]&#xD;
      Saved 2 entities to in-memory store.&#xD;
info: Microsoft.EntityFrameworkCore.Update[30100]&#xD;
      Saved 2 entities to in-memory store.&#xD;
info: Microsoft.EntityFrameworkCore.Update[30100]&#xD;
      Saved 2 entities to in-memory store.&#xD;
info: Microsoft.EntityFrameworkCore.Update[30100]&#xD;
      Saved 1 entities to in-memory store.&#xD;
info: Microsoft.EntityFrameworkCore.Update[30100]&#xD;
      Saved 1 entities to in-memory store.&#xD;
info: Microsoft.EntityFrameworkCore.Update[30100]&#xD;
      Saved 1 entities to in-memory store.&#xD;
info: Microsoft.EntityFrameworkCore.Update[30100]&#xD;
      Saved 1 entities to in-memory store.&#xD;
info: Microsoft.EntityFrameworkCore.Update[30100]&#xD;
      Saved 3 entities to in-memory store.&#xD;
info: Microsoft.EntityFrameworkCore.Update[30100]&#xD;
      Saved 4 entities to in-memory store.&#xD;
info: Microsoft.EntityFrameworkCore.Update[30100]&#xD;
      Saved 1 entities to in-memory store.&#xD;
info: Microsoft.EntityFrameworkCore.Update[30100]&#xD;
      Saved 2 entities to in-memory store.&#xD;
info: Microsoft.EntityFrameworkCore.Update[30100]&#xD;
      Saved 2 entities to in-memory store.&#xD;
info: Microsoft.EntityFrameworkCore.Update[30100]&#xD;
      Saved 2 entities to in-memory store.&#xD;
info: Microsoft.EntityFrameworkCore.Update[30100]&#xD;
      Saved 1 entities to in-memory store.&#xD;
info: Microsoft.EntityFrameworkCore.Update[30100]&#xD;
      Saved 1 entities to in-memory store.&#xD;
info: Microsoft.EntityFrameworkCore.Update[30100]&#xD;
      Saved 1 entities to in-memory store.&#xD;
info: Microsoft.EntityFrameworkCore.Update[30100]&#xD;
      Saved 1 entities to in-memory store.&#xD;
info: Microsoft.EntityFrameworkCore.Update[30100]&#xD;
      Saved 1 entities to in-memory store.&#xD;
info: Microsoft.EntityFrameworkCore.Update[30100]&#xD;
      Saved 1 entities to in-memory store.&#xD;
info: Microsoft.EntityFrameworkCore.Update[30100]&#xD;
      Saved 1 entities to in-memory store.&#xD;
info: Microsoft.EntityFrameworkCore.Update[30100]&#xD;
      Saved 1 entities to in-memory store.&#xD;
info: Microsoft.EntityFrameworkCore.Update[30100]&#xD;
      Saved 1 entities to in-memory store.&#xD;
info: Microsoft.EntityFrameworkCore.Update[30100]&#xD;
      Saved 3 entities to in-memory store.&#xD;
info: Microsoft.EntityFrameworkCore.Update[30100]&#xD;
      Saved 4 entities to in-memory store.&#xD;
info: Microsoft.EntityFrameworkCore.Update[30100]&#xD;
      Saved 1 entities to in-memory store.&#xD;
info: Microsoft.EntityFrameworkCore.Update[30100]&#xD;
      Saved 2 entities to in-memory store.&#xD;
info: Microsoft.EntityFrameworkCore.Update[30100]&#xD;
      Saved 2 entities to in-memory store.&#xD;
info: Microsoft.EntityFrameworkCore.Update[30100]&#xD;
      Saved 2 entities to in-memory store.&#xD;
info: Microsoft.EntityFrameworkCore.Update[30100]&#xD;
      Saved 1 entities to in-memory store.&#xD;
info: Microsoft.EntityFrameworkCore.Update[30100]&#xD;
      Saved 1 entities to in-memory store.&#xD;
info: Microsoft.EntityFrameworkCore.Update[30100]&#xD;
      Saved 1 entities to in-memory store.&#xD;
info: Microsoft.EntityFrameworkCore.Update[30100]&#xD;
      Saved 1 entities to in-memory store.&#xD;
info: Microsoft.EntityFrameworkCore.Update[30100]&#xD;
      Saved 3 entities to in-memory store.&#xD;
info: Microsoft.EntityFrameworkCore.Update[30100]&#xD;
      Saved 4 entities to in-memory store.&#xD;
info: Microsoft.EntityFrameworkCore.Update[30100]&#xD;
      Saved 1 entities to in-memory store.&#xD;
info: Microsoft.EntityFrameworkCore.Update[30100]&#xD;
      Saved 2 entities to in-memory store.&#xD;
info: Microsoft.EntityFrameworkCore.Update[30100]&#xD;
      Saved 2 entities to in-memory store.&#xD;
info: Microsoft.EntityFrameworkCore.Update[30100]&#xD;
      Saved 2 entities to in-memory store.&#xD;
info: Microsoft.EntityFrameworkCore.Update[30100]&#xD;
      Saved 1 entities to in-memory store.&#xD;
info: Microsoft.EntityFrameworkCore.Update[30100]&#xD;
      Saved 1 entities to in-memory store.&#xD;
info: Microsoft.EntityFrameworkCore.Update[30100]&#xD;
      Saved 1 entities to in-memory store.&#xD;
info: Microsoft.EntityFrameworkCore.Update[30100]&#xD;
      Saved 1 entities to in-memory store.&#xD;
info: Microsoft.EntityFrameworkCore.Update[30100]&#xD;
      Saved 1 entities to in-memory store.&#xD;
info: Microsoft.EntityFrameworkCore.Update[30100]&#xD;
      Saved 1 entities to in-memory store.&#xD;
info: Microsoft.EntityFrameworkCore.Update[30100]&#xD;
      Saved 1 entities to in-memory store.&#xD;
info: Microsoft.EntityFrameworkCore.Update[30100]&#xD;
      Saved 1 entities to in-memory store.&#xD;
info: Microsoft.EntityFrameworkCore.Update[30100]&#xD;
      Saved 3 entities to in-memory store.&#xD;
info: Microsoft.EntityFrameworkCore.Update[30100]&#xD;
      Saved 4 entities to in-memory store.&#xD;
info: Microsoft.EntityFrameworkCore.Update[30100]&#xD;
      Saved 1 entities to in-memory store.&#xD;
info: Microsoft.EntityFrameworkCore.Update[30100]&#xD;
      Saved 2 entities to in-memory store.&#xD;
info: Microsoft.EntityFrameworkCore.Update[30100]&#xD;
      Saved 2 entities to in-memory store.&#xD;
info: Microsoft.EntityFrameworkCore.Update[30100]&#xD;
      Saved 2 entities to in-memory store.&#xD;
info: Microsoft.EntityFrameworkCore.Update[30100]&#xD;
      Saved 3 entities to in-memory store.&#xD;
info: Microsoft.EntityFrameworkCore.Update[30100]&#xD;
      Saved 1 entities to in-memory store.&#xD;
info: Microsoft.EntityFrameworkCore.Update[30100]&#xD;
      Saved 2 entities to in-memory store.&#xD;
info: Microsoft.EntityFrameworkCore.Update[30100]&#xD;
      Saved 3 entities to in-memory store.&#xD;
info: Microsoft.EntityFrameworkCore.Update[30100]&#xD;
      Saved 1 entities to in-memory store.&#xD;
info: Microsoft.EntityFrameworkCore.Update[30100]&#xD;
      Saved 2 entities to in-memory store.&#xD;
info: Microsoft.EntityFrameworkCore.Update[30100]&#xD;
      Saved 1 entities to in-memory store.&#xD;
info: Microsoft.EntityFrameworkCore.Update[30100]&#xD;
      Saved 1 entities to in-memory store.&#xD;
info: Microsoft.EntityFrameworkCore.Update[30100]&#xD;
      Saved 1 entities to in-memory store.&#xD;
info: Microsoft.EntityFrameworkCore.Update[30100]&#xD;
      Saved 1 entities to in-memory store.&#xD;
info: Microsoft.EntityFrameworkCore.Update[30100]&#xD;
      Saved 2 entities to in-memory store.&#xD;
info: Microsoft.EntityFrameworkCore.Update[30100]&#xD;
      Saved 2 entities to in-memory store.&#xD;
info: Microsoft.EntityFrameworkCore.Update[30100]&#xD;
      Saved 1 entities to in-memory store.&#xD;
info: Microsoft.EntityFrameworkCore.Update[30100]&#xD;
      Saved 1 entities to in-memory store.&#xD;
info: Microsoft.EntityFrameworkCore.Update[30100]&#xD;
      Saved 1 entities to in-memory store.&#xD;
info: Microsoft.EntityFrameworkCore.Update[30100]&#xD;
      Saved 1 entities to in-memory store.&#xD;
info: Microsoft.EntityFrameworkCore.Update[30100]&#xD;
      Saved 1 entities to in-memory store.&#xD;
info: Microsoft.EntityFrameworkCore.Update[30100]&#xD;
      Saved 1 entities to in-memory store.&#xD;
info: Microsoft.EntityFrameworkCore.Update[30100]&#xD;
      Saved 3 entities to in-memory store.&#xD;
info: Microsoft.EntityFrameworkCore.Update[30100]&#xD;
      Saved 4 entities to in-memory store.&#xD;
info: Microsoft.EntityFrameworkCore.Update[30100]&#xD;
      Saved 1 entities to in-memory store.&#xD;
info: Microsoft.EntityFrameworkCore.Update[30100]&#xD;
      Saved 2 entities to in-memory store.&#xD;
info: Microsoft.EntityFrameworkCore.Update[30100]&#xD;
      Saved 2 entities to in-memory store.&#xD;
info: Microsoft.EntityFrameworkCore.Update[30100]&#xD;
      Saved 2 entities to in-memory store.&#xD;
info: Microsoft.EntityFrameworkCore.Update[30100]&#xD;
      Saved 1 entities to in-memory store.&#xD;
info: Microsoft.EntityFrameworkCore.Update[30100]&#xD;
      Saved 1 entities to in-memory store.&#xD;
info: Microsoft.EntityFrameworkCore.Update[30100]&#xD;
      Saved 1 entities to in-memory store.&#xD;
info: Microsoft.EntityFrameworkCore.Update[30100]&#xD;
      Saved 1 entities to in-memory store.&#xD;
info: Microsoft.EntityFrameworkCore.Update[30100]&#xD;
      Saved 1 entities to in-memory store.&#xD;
info: Microsoft.EntityFrameworkCore.Update[30100]&#xD;
      Saved 1 entities to in-memory store.&#xD;
info: Microsoft.EntityFrameworkCore.Update[30100]&#xD;
      Saved 3 entities to in-memory store.&#xD;
info: Microsoft.EntityFrameworkCore.Update[30100]&#xD;
      Saved 4 entities to in-memory store.&#xD;
info: Microsoft.EntityFrameworkCore.Update[30100]&#xD;
      Saved 1 entities to in-memory store.&#xD;
info: Microsoft.EntityFrameworkCore.Update[30100]&#xD;
      Saved 2 entities to in-memory store.&#xD;
info: Microsoft.EntityFrameworkCore.Update[30100]&#xD;
      Saved 2 entities to in-memory store.&#xD;
info: Microsoft.EntityFrameworkCore.Update[30100]&#xD;
      Saved 2 entities to in-memory store.&#xD;
info: Microsoft.EntityFrameworkCore.Update[30100]&#xD;
      Saved 1 entities to in-memory store.&#xD;
info: Microsoft.EntityFrameworkCore.Update[30100]&#xD;
      Saved 1 entities to in-memory store.&#xD;
info: Microsoft.EntityFrameworkCore.Update[30100]&#xD;
      Saved 1 entities to in-memory store.&#xD;
info: Microsoft.EntityFrameworkCore.Update[30100]&#xD;
      Saved 1 entities to in-memory store.&#xD;
info: Microsoft.EntityFrameworkCore.Update[30100]&#xD;
      Saved 1 entities to in-memory store.&#xD;
info: Microsoft.EntityFrameworkCore.Update[30100]&#xD;
      Saved 1 entities to in-memory store.&#xD;
info: Microsoft.EntityFrameworkCore.Update[30100]&#xD;
      Saved 1 entities to in-memory store.&#xD;
info: Microsoft.EntityFrameworkCore.Update[30100]&#xD;
      Saved 1 entities to in-memory store.&#xD;
info: Microsoft.EntityFrameworkCore.Update[30100]&#xD;
      Saved 1 entities to in-memory store.&#xD;
info: Microsoft.EntityFrameworkCore.Update[30100]&#xD;
      Saved 3 entities to in-memory store.&#xD;
info: Microsoft.EntityFrameworkCore.Update[30100]&#xD;
      Saved 4 entities to in-memory store.&#xD;
info: Microsoft.EntityFrameworkCore.Update[30100]&#xD;
      Saved 1 entities to in-memory store.&#xD;
info: Microsoft.EntityFrameworkCore.Update[30100]&#xD;
      Saved 2 entities to in-memory store.&#xD;
info: Microsoft.EntityFrameworkCore.Update[30100]&#xD;
      Saved 2 entities to in-memory store.&#xD;
info: Microsoft.EntityFrameworkCore.Update[30100]&#xD;
      Saved 2 entities to in-memory store.&#xD;
info: Microsoft.EntityFrameworkCore.Update[30100]&#xD;
      Saved 3 entities to in-memory store.&#xD;
info: Microsoft.EntityFrameworkCore.Update[30100]&#xD;
      Saved 1 entities to in-memory store.&#xD;
info: Microsoft.EntityFrameworkCore.Update[30100]&#xD;
      Saved 2 entities to in-memory store.&#xD;
info: Microsoft.EntityFrameworkCore.Update[30100]&#xD;
      Saved 3 entities to in-memory store.&#xD;
info: Microsoft.EntityFrameworkCore.Update[30100]&#xD;
      Saved 1 entities to in-memory store.&#xD;
info: Microsoft.EntityFrameworkCore.Update[30100]&#xD;
      Saved 2 entities to in-memory store.&#xD;
info: Microsoft.EntityFrameworkCore.Update[30100]&#xD;
      Saved 1 entities to in-memory store.&#xD;
info: Microsoft.EntityFrameworkCore.Update[30100]&#xD;
      Saved 1 entities to in-memory store.&#xD;
info: Microsoft.EntityFrameworkCore.Update[30100]&#xD;
      Saved 1 entities to in-memory store.&#xD;
info: Microsoft.EntityFrameworkCore.Update[30100]&#xD;
      Saved 1 entities to in-memory store.&#xD;
info: Microsoft.EntityFrameworkCore.Update[30100]&#xD;
      Saved 2 entities to in-memory store.&#xD;
info: Microsoft.EntityFrameworkCore.Update[30100]&#xD;
      Saved 2 entities to in-memory store.&#xD;
[...]
info: Microsoft.EntityFrameworkCore.Update[30100]&#xD;
      Saved 2 entities to in-memory store.&#xD;
info: Microsoft.EntityFrameworkCore.Update[30100]&#xD;
      Saved 2 entities to in-memory store.&#xD;
info: Microsoft.EntityFrameworkCore.Update[30100]&#xD;
      Saved 1 entities to in-memory store.&#xD;
info: Microsoft.EntityFrameworkCore.Update[30100]&#xD;
      Saved 1 entities to in-memory store.&#xD;
info: Microsoft.EntityFrameworkCore.Update[30100]&#xD;
      Saved 1 entities to in-memory store.&#xD;
info: Microsoft.EntityFrameworkCore.Update[30100]&#xD;
      Saved 1 entities to in-memory store.&#xD;
info: Microsoft.EntityFrameworkCore.Update[30100]&#xD;
      Saved 1 entities to in-memory store.&#xD;
info: Microsoft.EntityFrameworkCore.Update[30100]&#xD;
      Saved 1 entities to in-memory store.&#xD;
info: Microsoft.EntityFrameworkCore.Update[30100]&#xD;
      Saved 3 entities to in-memory store.&#xD;
info: Microsoft.EntityFrameworkCore.Update[30100]&#xD;
      Saved 4 entities to in-memory store.&#xD;
info: Microsoft.EntityFrameworkCore.Update[30100]&#xD;
      Saved 1 entities to in-memory store.&#xD;
info: Microsoft.EntityFrameworkCore.Update[30100]&#xD;
      Saved 2 entities to in-memory store.&#xD;
info: Microsoft.EntityFrameworkCore.Update[30100]&#xD;
      Saved 2 entities to in-memory store.&#xD;
info: Microsoft.EntityFrameworkCore.Update[30100]&#xD;
      Saved 2 entities to in-memory store.&#xD;
info: Microsoft.EntityFrameworkCore.Update[30100]&#xD;
      Saved 1 entities to in-memory store.&#xD;
info: Microsoft.EntityFrameworkCore.Update[30100]&#xD;
      Saved 1 entities to in-memory store.&#xD;
info: Microsoft.EntityFrameworkCore.Update[30100]&#xD;
      Saved 1 entities to in-memory store.&#xD;
info: Microsoft.EntityFrameworkCore.Update[30100]&#xD;
      Saved 1 entities to in-memory store.&#xD;
info: Microsoft.EntityFrameworkCore.Update[30100]&#xD;
      Saved 1 entities to in-memory store.&#xD;
info: Microsoft.EntityFrameworkCore.Update[30100]&#xD;
      Saved 1 entities to in-memory store.&#xD;
info: Microsoft.EntityFrameworkCore.Update[30100]&#xD;
      Saved 1 entities to in-memory store.&#xD;
info: Microsoft.EntityFrameworkCore.Update[30100]&#xD;
      Saved 1 entities to in-memory store.&#xD;
info: Microsoft.EntityFrameworkCore.Update[30100]&#xD;
      Saved 3 entities to in-memory store.&#xD;
info: Microsoft.EntityFrameworkCore.Update[30100]&#xD;
      Saved 4 entities to in-memory store.&#xD;
info: Microsoft.EntityFrameworkCore.Update[30100]&#xD;
      Saved 1 entities to in-memory store.&#xD;
info: Microsoft.EntityFrameworkCore.Update[30100]&#xD;
      Saved 2 entities to in-memory store.&#xD;
info: Microsoft.EntityFrameworkCore.Update[30100]&#xD;
      Saved 2 entities to in-memory store.&#xD;
info: Microsoft.EntityFrameworkCore.Update[30100]&#xD;
      Saved 2 entities to in-memory store.&#xD;
info: Microsoft.EntityFrameworkCore.Update[30100]&#xD;
      Saved 3 entities to in-memory store.&#xD;
info: Microsoft.EntityFrameworkCore.Update[30100]&#xD;
      Saved 1 entities to in-memory store.&#xD;
info: Microsoft.EntityFrameworkCore.Update[30100]&#xD;
      Saved 2 entities to in-memory store.&#xD;
info: Microsoft.EntityFrameworkCore.Update[30100]&#xD;
      Saved 3 entities to in-memory store.&#xD;
info: Microsoft.EntityFrameworkCore.Update[30100]&#xD;
      Saved 1 entities to in-memory store.&#xD;
info: Microsoft.EntityFrameworkCore.Update[30100]&#xD;
      Saved 2 entities to in-memory store.&#xD;
info: Microsoft.EntityFrameworkCore.Update[30100]&#xD;
      Saved 1 entities to in-memory store.&#xD;
info: Microsoft.EntityFrameworkCore.Update[30100]&#xD;
      Saved 1 entities to in-memory store.&#xD;
info: Microsoft.EntityFrameworkCore.Update[30100]&#xD;
      Saved 1 entities to in-memory store.&#xD;
info: Microsoft.EntityFrameworkCore.Update[30100]&#xD;
      Saved 1 entities to in-memory store.&#xD;
info: Microsoft.EntityFrameworkCore.Update[30100]&#xD;
      Saved 2 entities to in-memory store.&#xD;
info: Microsoft.EntityFrameworkCore.Update[30100]&#xD;
      Saved 2 entities to in-memory store.&#xD;
info: Microsoft.EntityFrameworkCore.Update[30100]&#xD;
      Saved 1 entities to in-memory store.&#xD;
info: Microsoft.EntityFrameworkCore.Update[30100]&#xD;
      Saved 1 entities to in-memory store.&#xD;
info: Microsoft.EntityFrameworkCore.Update[30100]&#xD;
      Saved 1 entities to in-memory store.&#xD;
info: Microsoft.EntityFrameworkCore.Update[30100]&#xD;
      Saved 1 entities to in-memory store.&#xD;
info: Microsoft.EntityFrameworkCore.Update[30100]&#xD;
      Saved 1 entities to in-memory store.&#xD;
info: Microsoft.EntityFrameworkCore.Update[30100]&#xD;
      Saved 3 entities to in-memory store.&#xD;
info: Microsoft.EntityFrameworkCore.Update[30100]&#xD;
      Saved 4 entities to in-memory store.&#xD;
info: Microsoft.EntityFrameworkCore.Update[30100]&#xD;
      Saved 1 entities to in-memory store.&#xD;
info: Microsoft.EntityFrameworkCore.Update[30100]&#xD;
      Saved 2 entities to in-memory store.&#xD;
info: Microsoft.EntityFrameworkCore.Update[30100]&#xD;
      Saved 2 entities to in-memory store.&#xD;
info: Microsoft.EntityFrameworkCore.Update[30100]&#xD;
      Saved 2 entities to in-memory store.&#xD;
info: Microsoft.EntityFrameworkCore.Update[30100]&#xD;
      Saved 1 entities to in-memory store.&#xD;
info: Microsoft.EntityFrameworkCore.Update[30100]&#xD;
      Saved 1 entities to in-memory store.&#xD;
info: Microsoft.EntityFrameworkCore.Update[30100]&#xD;
      Saved 1 entities to in-memory store.&#xD;
info: Microsoft.EntityFrameworkCore.Update[30100]&#xD;
      Saved 1 entities to in-memory store.&#xD;
info: Microsoft.EntityFrameworkCore.Update[30100]&#xD;
      Saved 3 entities to in-memory store.&#xD;
info: Microsoft.EntityFrameworkCore.Update[30100]&#xD;
      Saved 4 entities to in-memory store.&#xD;
info: Microsoft.EntityFrameworkCore.Update[30100]&#xD;
      Saved 1 entities to in-memory store.&#xD;
info: Microsoft.EntityFrameworkCore.Update[30100]&#xD;
      Saved 2 entities to in-memory store.&#xD;
info: Microsoft.EntityFrameworkCore.Update[30100]&#xD;
      Saved 2 entities to in-memory store.&#xD;
info: Microsoft.EntityFrameworkCore.Update[30100]&#xD;
      Saved 2 entities to in-memory store.&#xD;
info: Microsoft.EntityFrameworkCore.Update[30100]&#xD;
      Saved 1 entities to in-memory store.&#xD;
info: Microsoft.EntityFrameworkCore.Update[30100]&#xD;
      Saved 1 entities to in-memory store.&#xD;
info: Microsoft.EntityFrameworkCore.Update[30100]&#xD;
      Saved 1 entities to in-memory store.&#xD;
info: Microsoft.EntityFrameworkCore.Update[30100]&#xD;
      Saved 1 entities to in-memory store.&#xD;
info: Microsoft.EntityFrameworkCore.Update[30100]&#xD;
      Saved 1 entities to in-memory store.&#xD;
info: Microsoft.EntityFrameworkCore.Update[30100]&#xD;
      Saved 1 entities to in-memory store.&#xD;
info: Microsoft.EntityFrameworkCore.Update[30100]&#xD;
      Saved 1 entities to in-memory store.&#xD;
info: Microsoft.EntityFrameworkCore.Update[30100]&#xD;
      Saved 3 entities to in-memory store.&#xD;
info: Microsoft.EntityFrameworkCore.Update[30100]&#xD;
      Saved 4 entities to in-memory store.&#xD;
info: Microsoft.EntityFrameworkCore.Update[30100]&#xD;
      Saved 1 entities to in-memory store.&#xD;
info: Microsoft.EntityFrameworkCore.Update[30100]&#xD;
      Saved 2 entities to in-memory store.&#xD;
info: Microsoft.EntityFrameworkCore.Update[30100]&#xD;
      Saved 2 entities to in-memory store.&#xD;
info: Microsoft.EntityFrameworkCore.Update[30100]&#xD;
      Saved 2 entities to in-memory store.&#xD;
info: Microsoft.EntityFrameworkCore.Update[30100]&#xD;
      Saved 1 entities to in-memory store.&#xD;
info: Microsoft.EntityFrameworkCore.Update[30100]&#xD;
      Saved 1 entities to in-memory store.&#xD;
info: Microsoft.EntityFrameworkCore.Update[30100]&#xD;
      Saved 1 entities to in-memory store.&#xD;
info: Microsoft.EntityFrameworkCore.Update[30100]&#xD;
      Saved 1 entities to in-memory store.&#xD;
info: Microsoft.EntityFrameworkCore.Update[30100]&#xD;
      Saved 1 entities to in-memory store.&#xD;
info: Microsoft.EntityFrameworkCore.Update[30100]&#xD;
      Saved 1 entities to in-memory store.&#xD;
info: Microsoft.EntityFrameworkCore.Update[30100]&#xD;
      Saved 1 entities to in-memory store.&#xD;
info: Microsoft.EntityFrameworkCore.Update[30100]&#xD;
      Saved 1 entities to in-memory store.&#xD;
info: Microsoft.EntityFrameworkCore.Update[30100]&#xD;
      Saved 1 entities to in-memory store.&#xD;
info: Microsoft.EntityFrameworkCore.Update[30100]&#xD;
      Saved 3 entities to in-memory store.&#xD;
info: Microsoft.EntityFrameworkCore.Update[30100]&#xD;
      Saved 4 entities to in-memory store.&#xD;
info: Microsoft.EntityFrameworkCore.Update[30100]&#xD;
      Saved 1 entities to in-memory store.&#xD;
info: Microsoft.EntityFrameworkCore.Update[30100]&#xD;
      Saved 2 entities to in-memory store.&#xD;
info: Microsoft.EntityFrameworkCore.Update[30100]&#xD;
      Saved 2 entities to in-memory store.&#xD;
info: Microsoft.EntityFrameworkCore.Update[30100]&#xD;
      Saved 2 entities to in-memory store.&#xD;
info: Microsoft.EntityFrameworkCore.Update[30100]&#xD;
      Saved 1 entities to in-memory store.&#xD;
info: Microsoft.EntityFrameworkCore.Update[30100]&#xD;
      Saved 1 entities to in-memory store.&#xD;
info: Microsoft.EntityFrameworkCore.Update[30100]&#xD;
      Saved 1 entities to in-memory store.&#xD;
info: Microsoft.EntityFrameworkCore.Update[30100]&#xD;
      Saved 1 entities to in-memory store.&#xD;
info: Microsoft.EntityFrameworkCore.Update[30100]&#xD;
      Saved 1 entities to in-memory store.&#xD;
info: Microsoft.EntityFrameworkCore.Update[30100]&#xD;
      Saved 1 entities to in-memory store.&#xD;
info: Microsoft.EntityFrameworkCore.Update[30100]&#xD;
      Saved 3 entities to in-memory store.&#xD;
info: Microsoft.EntityFrameworkCore.Update[30100]&#xD;
      Saved 4 entities to in-memory store.&#xD;
info: Microsoft.EntityFrameworkCore.Update[30100]&#xD;
      Saved 1 entities to in-memory store.&#xD;
info: Microsoft.EntityFrameworkCore.Update[30100]&#xD;
      Saved 2 entities to in-memory store.&#xD;
info: Microsoft.EntityFrameworkCore.Update[30100]&#xD;
      Saved 2 entities to in-memory store.&#xD;
info: Microsoft.EntityFrameworkCore.Update[30100]&#xD;
      Saved 2 entities to in-memory store.&#xD;
info: Microsoft.EntityFrameworkCore.Update[30100]&#xD;
      Saved 3 entities to in-memory store.&#xD;
info: Microsoft.EntityFrameworkCore.Update[30100]&#xD;
      Saved 1 entities to in-memory store.&#xD;
info: Microsoft.EntityFrameworkCore.Update[30100]&#xD;
      Saved 2 entities to in-memory store.&#xD;
info: Microsoft.EntityFrameworkCore.Update[30100]&#xD;
      Saved 3 entities to in-memory store.&#xD;
info: Microsoft.EntityFrameworkCore.Update[30100]&#xD;
      Saved 1 entities to in-memory store.&#xD;
info: Microsoft.EntityFrameworkCore.Update[30100]&#xD;
      Saved 2 entities to in-memory store.&#xD;
info: Microsoft.EntityFrameworkCore.Update[30100]&#xD;
      Saved 1 entities to in-memory store.&#xD;
info: Microsoft.EntityFrameworkCore.Update[30100]&#xD;
      Saved 1 entities to in-memory store.&#xD;
info: Microsoft.EntityFrameworkCore.Update[30100]&#xD;
      Saved 1 entities to in-memory store.&#xD;
info: Microsoft.EntityFrameworkCore.Update[30100]&#xD;
      Saved 1 entities to in-memory store.&#xD;
info: Microsoft.EntityFrameworkCore.Update[30100]&#xD;
      Saved 2 entities to in-memory store.&#xD;
info: Microsoft.EntityFrameworkCore.Update[30100]&#xD;
      Saved 2 entities to in-memory store.&#xD;
info: Microsoft.EntityFrameworkCore.Update[30100]&#xD;
      Saved 1 entities to in-memory store.&#xD;
info: Microsoft.EntityFrameworkCore.Update[30100]&#xD;
      Saved 1 entities to in-memory store.&#xD;
info: Microsoft.EntityFrameworkCore.Update[30100]&#xD;
      Saved 1 entities to in-memory store.&#xD;
info: Microsoft.EntityFrameworkCore.Update[30100]&#xD;
      Saved 1 entities to in-memory store.&#xD;
info: Microsoft.EntityFrameworkCore.Update[30100]&#xD;
      Saved 1 entities to in-memory store.&#xD;
info: Microsoft.EntityFrameworkCore.Update[30100]&#xD;
      Saved 1 entities to in-memory store.&#xD;
info: Microsoft.EntityFrameworkCore.Update[30100]&#xD;
      Saved 1 entities to in-memory store.&#xD;
info: Microsoft.EntityFrameworkCore.Update[30100]&#xD;
      Saved 1 entities to in-memory store.&#xD;
info: Microsoft.EntityFrameworkCore.Update[30100]&#xD;
      Saved 1 entities to in-memory store.&#xD;
info: Microsoft.EntityFrameworkCore.Update[30100]&#xD;
      Saved 1 entities to in-memory store.&#xD;
info: Microsoft.EntityFrameworkCore.Update[30100]&#xD;
      Saved 1 entities to in-memory store.&#xD;
info: Microsoft.EntityFrameworkCore.Update[30100]&#xD;
      Saved 1 entities to in-memory store.&#xD;
info: Microsoft.EntityFrameworkCore.Update[30100]&#xD;
      Saved 3 entities to in-memory store.&#xD;
info: Microsoft.EntityFrameworkCore.Update[30100]&#xD;
      Saved 4 entities to in-memory store.&#xD;
info: Microsoft.EntityFrameworkCore.Update[30100]&#xD;
      Saved 1 entities to in-memory store.&#xD;
info: Microsoft.EntityFrameworkCore.Update[30100]&#xD;
      Saved 2 entities to in-memory store.&#xD;
info: Microsoft.EntityFrameworkCore.Update[30100]&#xD;
      Saved 2 entities to in-memory store.&#xD;
info: Microsoft.EntityFrameworkCore.Update[30100]&#xD;
      Saved 2 entities to in-memory store.&#xD;
info: Microsoft.EntityFrameworkCore.Update[30100]&#xD;
      Saved 3 entities to in-memory store.&#xD;
info: Microsoft.EntityFrameworkCore.Update[30100]&#xD;
      Saved 1 entities to in-memory store.&#xD;
info: Microsoft.EntityFrameworkCore.Update[30100]&#xD;
      Saved 2 entities to in-memory store.&#xD;
info: Microsoft.EntityFrameworkCore.Update[30100]&#xD;
      Saved 3 entities to in-memory store.&#xD;
info: Microsoft.EntityFrameworkCore.Update[30100]&#xD;
      Saved 1 entities to in-memory store.&#xD;
info: Microsoft.EntityFrameworkCore.Update[30100]&#xD;
      Saved 2 entities to in-memory store.&#xD;
info: Microsoft.EntityFrameworkCore.Update[30100]&#xD;
      Saved 1 entities to in-memory store.&#xD;
info: Microsoft.EntityFrameworkCore.Update[30100]&#xD;
      Saved 1 entities to in-memory store.&#xD;
info: Microsoft.EntityFrameworkCore.Update[30100]&#xD;
      Saved 1 entities to in-memory store.&#xD;
info: Microsoft.EntityFrameworkCore.Update[30100]&#xD;
      Saved 1 entities to in-memory store.&#xD;
info: Microsoft.EntityFrameworkCore.Update[30100]&#xD;
      Saved 2 entities to in-memory store.&#xD;
info: Microsoft.EntityFrameworkCore.Update[30100]&#xD;
      Saved 2 entities to in-memory store.&#xD;
info: Microsoft.EntityFrameworkCore.Update[30100]&#xD;
      Saved 1 entities to in-memory store.&#xD;
info: Microsoft.EntityFrameworkCore.Update[30100]&#xD;
      Saved 1 entities to in-memory store.&#xD;
info: Microsoft.EntityFrameworkCore.Update[30100]&#xD;
      Saved 1 entities to in-memory store.&#xD;
info: Microsoft.EntityFrameworkCore.Update[30100]&#xD;
      Saved 1 entities to in-memory store.&#xD;
info: Microsoft.EntityFrameworkCore.Update[30100]&#xD;
      Saved 1 entities to in-memory store.&#xD;
info: Microsoft.EntityFrameworkCore.Update[30100]&#xD;
      Saved 3 entities to in-memory store.&#xD;
info: Microsoft.EntityFrameworkCore.Update[30100]&#xD;
      Saved 4 entities to in-memory store.&#xD;
info: Microsoft.EntityFrameworkCore.Update[30100]&#xD;
      Saved 1 entities to in-memory store.&#xD;
info: Microsoft.EntityFrameworkCore.Update[30100]&#xD;
      Saved 2 entities to in-memory store.&#xD;
info: Microsoft.EntityFrameworkCore.Update[30100]&#xD;
      Saved 2 entities to in-memory store.&#xD;
info: Microsoft.EntityFrameworkCore.Update[30100]&#xD;
      Saved 2 entities to in-memory store.&#xD;
info: Microsoft.EntityFrameworkCore.Update[30100]&#xD;
      Saved 1 entities to in-memory store.&#xD;
info: Microsoft.EntityFrameworkCore.Update[30100]&#xD;
      Saved 1 entities to in-memory store.&#xD;
info: Microsoft.EntityFrameworkCore.Update[30100]&#xD;
      Saved 1 entities to in-memory store.&#xD;
info: Microsoft.EntityFrameworkCore.Update[30100]&#xD;
      Saved 1 entities to in-memory store.&#xD;
info: Microsoft.EntityFrameworkCore.Update[30100]&#xD;
      Saved 3 entities to in-memory store.&#xD;
info: Microsoft.EntityFrameworkCore.Update[30100]&#xD;
      Saved 4 entities to in-memory store.&#xD;
info: Microsoft.EntityFrameworkCore.Update[30100]&#xD;
      Saved 1 entities to in-memory store.&#xD;
info: Microsoft.EntityFrameworkCore.Update[30100]&#xD;
      Saved 2 entities to in-memory store.&#xD;
info: Microsoft.EntityFrameworkCore.Update[30100]&#xD;
      Saved 2 entities to in-memory store.&#xD;
info: Microsoft.EntityFrameworkCore.Update[30100]&#xD;
      Saved 2 entities to in-memory store.&#xD;
info: Microsoft.EntityFrameworkCore.Update[30100]&#xD;
      Saved 1 entities to in-memory store.&#xD;
info: Microsoft.EntityFrameworkCore.Update[30100]&#xD;
      Saved 1 entities to in-memory store.&#xD;
info: Microsoft.EntityFrameworkCore.Update[30100]&#xD;
      Saved 1 entities to in-memory store.&#xD;
info: Microsoft.EntityFrameworkCore.Update[30100]&#xD;
      Saved 1 entities to in-memory store.&#xD;
info: Microsoft.EntityFrameworkCore.Update[30100]&#xD;
      Saved 1 entities to in-memory store.&#xD;
info: Microsoft.EntityFrameworkCore.Update[30100]&#xD;
      Saved 1 entities to in-memory store.&#xD;
info: Microsoft.EntityFrameworkCore.Update[30100]&#xD;
      Saved 1 entities to in-memory store.&#xD;
info: Microsoft.EntityFrameworkCore.Update[30100]&#xD;
      Saved 1 entities to in-memory store.&#xD;
info: Microsoft.EntityFrameworkCore.Update[30100]&#xD;
      Saved 1 entities to in-memory store.&#xD;
info: Microsoft.EntityFrameworkCore.Update[30100]&#xD;
      Saved 1 entities to in-memory store.&#xD;
info: Microsoft.EntityFrameworkCore.Update[30100]&#xD;
      Saved 3 entities to in-memory store.&#xD;
info: Microsoft.EntityFrameworkCore.Update[30100]&#xD;
      Saved 4 entities to in-memory store.&#xD;
info: Microsoft.EntityFrameworkCore.Update[30100]&#xD;
      Saved 1 entities to in-memory store.&#xD;
info: Microsoft.EntityFrameworkCore.Update[30100]&#xD;
      Saved 2 entities to in-memory store.&#xD;
info: Microsoft.EntityFrameworkCore.Update[30100]&#xD;
      Saved 2 entities to in-memory store.&#xD;
info: Microsoft.EntityFrameworkCore.Update[30100]&#xD;
      Saved 2 entities to in-memory store.&#xD;
info: Microsoft.EntityFrameworkCore.Update[30100]&#xD;
      Saved 3 entities to in-memory store.&#xD;
info: Microsoft.EntityFrameworkCore.Update[30100]&#xD;
      Saved 1 entities to in-memory store.&#xD;
info: Microsoft.EntityFrameworkCore.Update[30100]&#xD;
      Saved 2 entities to in-memory store.&#xD;
info: Microsoft.EntityFrameworkCore.Update[30100]&#xD;
      Saved 3 entities to in-memory store.&#xD;
info: Microsoft.EntityFrameworkCore.Update[30100]&#xD;
      Saved 1 entities to in-memory store.&#xD;
info: Microsoft.EntityFrameworkCore.Update[30100]&#xD;
      Saved 2 entities to in-memory store.&#xD;
info: Microsoft.EntityFrameworkCore.Update[30100]&#xD;
      Saved 1 entities to in-memory store.&#xD;
info: Microsoft.EntityFrameworkCore.Update[30100]&#xD;
      Saved 1 entities to in-memory store.&#xD;
info: Microsoft.EntityFrameworkCore.Update[30100]&#xD;
      Saved 1 entities to in-memory store.&#xD;
info: Microsoft.EntityFrameworkCore.Update[30100]&#xD;
      Saved 1 entities to in-memory store.&#xD;
info: Microsoft.EntityFrameworkCore.Update[30100]&#xD;
      Saved 2 entities to in-memory store.&#xD;
info: Microsoft.EntityFrameworkCore.Update[30100]&#xD;
      Saved 2 entities to in-memory store.&#xD;
info: Microsoft.EntityFrameworkCore.Update[30100]&#xD;
      Saved 1 entities to in-memory store.&#xD;
[xUnit.net 00:00:05.04]   Finished:    ProcessManager.Tests&#xD;
</StdOut>
    </Output>
  </ResultSummary>
</TestRun>